<?xml version="1.0" encoding="UTF-8"?>
<testsuite name="ru.tsum.test.RegistrationTest" tests="2" skipped="0" failures="0" errors="0" timestamp="2019-10-20T20:19:54" hostname="DESKTOP-6U4SDTT" time="45.386">
  <properties/>
  <testcase name="registerWithExistCredentials" classname="ru.tsum.test.RegistrationTest" time="20.266"/>
  <testcase name="loginWithCorrectCredentials" classname="ru.tsum.test.RegistrationTest" time="23.214"/>
  <system-out><![CDATA[]]></system-out>
  <system-err><![CDATA[[Test worker] INFO net.thucydides.core.util.PropertiesFileLocalPreferences - LOADING LOCAL PROPERTIES FROM D:\TsumTask\serenity.properties 
[Test worker] INFO net.thucydides.core.util.PropertiesFileLocalPreferences - webdriver.chrome.driver=src/test/drivers/chromedriver.exe
[Test worker] INFO net.thucydides.core.util.PropertiesFileLocalPreferences - LOADING LOCAL PROPERTIES FROM D:\TsumTask\serenity.properties 
[Test worker] INFO net.serenitybdd.core.Serenity - 

-------------------------------------------------------------------------------------
     _______. _______ .______       _______ .__   __.  __  .___________.____    ____ 
    /       ||   ____||   _  \     |   ____||  \ |  | |  | |           |\   \  /   / 
   |   (----`|  |__   |  |_)  |    |  |__   |   \|  | |  | `---|  |----` \   \/   /  
    \   \    |   __|  |      /     |   __|  |  . `  | |  |     |  |       \_    _/   
.----)   |   |  |____ |  |\  \----.|  |____ |  |\   | |  |     |  |         |  |     
|_______/    |_______|| _| `._____||_______||__| \__| |__|     |__|         |__|    
-------------------------------------------------------------------------------------

[Test worker] INFO net.serenitybdd.core.Serenity - Test Suite Started: Registration test
[Test worker] INFO net.serenitybdd.core.Serenity - 
  _____ _____ ____ _____   ____ _____  _    ____ _____ _____ ____  
 |_   _| ____/ ___|_   _| / ___|_   _|/ \  |  _ \_   _| ____|  _ \ 
   | | |  _| \___ \ | |   \___ \ | | / _ \ | |_) || | |  _| | | | |
   | | | |___ ___) || |    ___) || |/ ___ \|  _ < | | | |___| |_| |
   |_| |_____|____/ |_|   |____/ |_/_/   \_\_| \_\|_| |_____|____/ 
                                                                   

TEST STARTED: registerWithExistCredentials
--------------------------------------------------------------------
[Test worker] INFO net.serenitybdd.core.Serenity - TEST NUMBER: 1
Starting ChromeDriver 77.0.3865.40 (f484704e052e0b556f8030b65b953dce96503217-refs/branch-heads/3865@{#442}) on port 22565
Only local connections are allowed.
Please protect ports used by ChromeDriver and related test frameworks to prevent access by malicious code.
[1571602799.840][WARNING]: Timed out connecting to Chrome, retrying...
[1571602803.924][WARNING]: Timed out connecting to Chrome, retrying...
[Test worker] WARN net.thucydides.core.reflection.StackTraceAnalyser - Failed to load class during Stack analysis: org.gradle.api.internal.tasks.testing.junit.JUnitTestClassExecutor
[Test worker] WARN net.thucydides.core.reflection.StackTraceAnalyser - Failed to load class during Stack analysis: org.gradle.api.internal.tasks.testing.junit.JUnitTestClassExecutor
[Test worker] WARN net.thucydides.core.reflection.StackTraceAnalyser - Failed to load class during Stack analysis: org.gradle.api.internal.tasks.testing.junit.JUnitTestClassExecutor
[Test worker] WARN net.thucydides.core.reflection.StackTraceAnalyser - Failed to load class during Stack analysis: org.gradle.api.internal.tasks.testing.junit.AbstractJUnitTestClassProcessor
[Test worker] WARN net.thucydides.core.reflection.StackTraceAnalyser - Failed to load class during Stack analysis: org.gradle.api.internal.tasks.testing.SuiteTestClassProcessor
[Test worker] WARN net.thucydides.core.reflection.StackTraceAnalyser - Failed to load class during Stack analysis: org.gradle.internal.dispatch.ReflectionDispatch
[Test worker] WARN net.thucydides.core.reflection.StackTraceAnalyser - Failed to load class during Stack analysis: org.gradle.internal.dispatch.ReflectionDispatch
[Test worker] WARN net.thucydides.core.reflection.StackTraceAnalyser - Failed to load class during Stack analysis: org.gradle.internal.dispatch.ContextClassLoaderDispatch
[Test worker] WARN net.thucydides.core.reflection.StackTraceAnalyser - Failed to load class during Stack analysis: org.gradle.internal.dispatch.ProxyDispatchAdapter$DispatchingInvocationHandler
[Test worker] WARN net.thucydides.core.reflection.StackTraceAnalyser - Failed to load class during Stack analysis: com.sun.proxy.$Proxy2
[Test worker] WARN net.thucydides.core.reflection.StackTraceAnalyser - Failed to load class during Stack analysis: org.gradle.api.internal.tasks.testing.worker.TestWorker
[Test worker] WARN net.thucydides.core.reflection.StackTraceAnalyser - Failed to load class during Stack analysis: org.gradle.internal.dispatch.ReflectionDispatch
[Test worker] WARN net.thucydides.core.reflection.StackTraceAnalyser - Failed to load class during Stack analysis: org.gradle.internal.dispatch.ReflectionDispatch
[Test worker] WARN net.thucydides.core.reflection.StackTraceAnalyser - Failed to load class during Stack analysis: org.gradle.internal.remote.internal.hub.MessageHubBackedObjectConnection$DispatchWrapper
[Test worker] WARN net.thucydides.core.reflection.StackTraceAnalyser - Failed to load class during Stack analysis: org.gradle.internal.remote.internal.hub.MessageHubBackedObjectConnection$DispatchWrapper
[Test worker] WARN net.thucydides.core.reflection.StackTraceAnalyser - Failed to load class during Stack analysis: org.gradle.internal.remote.internal.hub.MessageHub$Handler
[Test worker] WARN net.thucydides.core.reflection.StackTraceAnalyser - Failed to load class during Stack analysis: org.gradle.internal.concurrent.ExecutorPolicy$CatchAndRecordFailures
[Test worker] WARN net.thucydides.core.reflection.StackTraceAnalyser - Failed to load class during Stack analysis: org.gradle.internal.concurrent.ManagedExecutorImpl$1
[Test worker] WARN net.thucydides.core.reflection.StackTraceAnalyser - Failed to load class during Stack analysis: org.gradle.internal.concurrent.ThreadFactoryImpl$ManagedThreadRunnable
[Test worker] WARN net.thucydides.core.reflection.StackTraceAnalyser - Failed to load class during Stack analysis: org.gradle.api.internal.tasks.testing.junit.JUnitTestClassExecutor
[Test worker] WARN net.thucydides.core.reflection.StackTraceAnalyser - Failed to load class during Stack analysis: org.gradle.api.internal.tasks.testing.junit.JUnitTestClassExecutor
[Test worker] WARN net.thucydides.core.reflection.StackTraceAnalyser - Failed to load class during Stack analysis: org.gradle.api.internal.tasks.testing.junit.JUnitTestClassExecutor
[Test worker] WARN net.thucydides.core.reflection.StackTraceAnalyser - Failed to load class during Stack analysis: org.gradle.api.internal.tasks.testing.junit.AbstractJUnitTestClassProcessor
[Test worker] WARN net.thucydides.core.reflection.StackTraceAnalyser - Failed to load class during Stack analysis: org.gradle.api.internal.tasks.testing.SuiteTestClassProcessor
[Test worker] WARN net.thucydides.core.reflection.StackTraceAnalyser - Failed to load class during Stack analysis: org.gradle.internal.dispatch.ReflectionDispatch
[Test worker] WARN net.thucydides.core.reflection.StackTraceAnalyser - Failed to load class during Stack analysis: org.gradle.internal.dispatch.ReflectionDispatch
[Test worker] WARN net.thucydides.core.reflection.StackTraceAnalyser - Failed to load class during Stack analysis: org.gradle.internal.dispatch.ContextClassLoaderDispatch
[Test worker] WARN net.thucydides.core.reflection.StackTraceAnalyser - Failed to load class during Stack analysis: org.gradle.internal.dispatch.ProxyDispatchAdapter$DispatchingInvocationHandler
[Test worker] WARN net.thucydides.core.reflection.StackTraceAnalyser - Failed to load class during Stack analysis: com.sun.proxy.$Proxy2
[Test worker] WARN net.thucydides.core.reflection.StackTraceAnalyser - Failed to load class during Stack analysis: org.gradle.api.internal.tasks.testing.worker.TestWorker
[Test worker] WARN net.thucydides.core.reflection.StackTraceAnalyser - Failed to load class during Stack analysis: org.gradle.internal.dispatch.ReflectionDispatch
[Test worker] WARN net.thucydides.core.reflection.StackTraceAnalyser - Failed to load class during Stack analysis: org.gradle.internal.dispatch.ReflectionDispatch
[Test worker] WARN net.thucydides.core.reflection.StackTraceAnalyser - Failed to load class during Stack analysis: org.gradle.internal.remote.internal.hub.MessageHubBackedObjectConnection$DispatchWrapper
[Test worker] WARN net.thucydides.core.reflection.StackTraceAnalyser - Failed to load class during Stack analysis: org.gradle.internal.remote.internal.hub.MessageHubBackedObjectConnection$DispatchWrapper
[Test worker] WARN net.thucydides.core.reflection.StackTraceAnalyser - Failed to load class during Stack analysis: org.gradle.internal.remote.internal.hub.MessageHub$Handler
[Test worker] WARN net.thucydides.core.reflection.StackTraceAnalyser - Failed to load class during Stack analysis: org.gradle.internal.concurrent.ExecutorPolicy$CatchAndRecordFailures
[Test worker] WARN net.thucydides.core.reflection.StackTraceAnalyser - Failed to load class during Stack analysis: org.gradle.internal.concurrent.ManagedExecutorImpl$1
[Test worker] WARN net.thucydides.core.reflection.StackTraceAnalyser - Failed to load class during Stack analysis: org.gradle.internal.concurrent.ThreadFactoryImpl$ManagedThreadRunnable
[Test worker] INFO net.thucydides.core.screenshots.Photographer - Failed to quickly delete screenshot screenshot4272610566623704849 : C:\Users\Marina\AppData\Local\Temp\screenshot4272610566623704849: The process cannot access the file because it is being used by another process.

[Test worker] INFO net.thucydides.core.steps.StepInterceptor - STARTING STEP: RegistrationTest.beforeTest - openRegistrationPage
[Test worker] WARN net.thucydides.core.reflection.StackTraceAnalyser - Failed to load class during Stack analysis: org.gradle.api.internal.tasks.testing.junit.JUnitTestClassExecutor
[Test worker] WARN net.thucydides.core.reflection.StackTraceAnalyser - Failed to load class during Stack analysis: org.gradle.api.internal.tasks.testing.junit.JUnitTestClassExecutor
[Test worker] WARN net.thucydides.core.reflection.StackTraceAnalyser - Failed to load class during Stack analysis: org.gradle.api.internal.tasks.testing.junit.JUnitTestClassExecutor
[Test worker] WARN net.thucydides.core.reflection.StackTraceAnalyser - Failed to load class during Stack analysis: org.gradle.api.internal.tasks.testing.junit.AbstractJUnitTestClassProcessor
[Test worker] WARN net.thucydides.core.reflection.StackTraceAnalyser - Failed to load class during Stack analysis: org.gradle.api.internal.tasks.testing.SuiteTestClassProcessor
[Test worker] WARN net.thucydides.core.reflection.StackTraceAnalyser - Failed to load class during Stack analysis: org.gradle.internal.dispatch.ReflectionDispatch
[Test worker] WARN net.thucydides.core.reflection.StackTraceAnalyser - Failed to load class during Stack analysis: org.gradle.internal.dispatch.ReflectionDispatch
[Test worker] WARN net.thucydides.core.reflection.StackTraceAnalyser - Failed to load class during Stack analysis: org.gradle.internal.dispatch.ContextClassLoaderDispatch
[Test worker] WARN net.thucydides.core.reflection.StackTraceAnalyser - Failed to load class during Stack analysis: org.gradle.internal.dispatch.ProxyDispatchAdapter$DispatchingInvocationHandler
[Test worker] WARN net.thucydides.core.reflection.StackTraceAnalyser - Failed to load class during Stack analysis: com.sun.proxy.$Proxy2
[Test worker] WARN net.thucydides.core.reflection.StackTraceAnalyser - Failed to load class during Stack analysis: org.gradle.api.internal.tasks.testing.worker.TestWorker
[Test worker] WARN net.thucydides.core.reflection.StackTraceAnalyser - Failed to load class during Stack analysis: org.gradle.internal.dispatch.ReflectionDispatch
[Test worker] WARN net.thucydides.core.reflection.StackTraceAnalyser - Failed to load class during Stack analysis: org.gradle.internal.dispatch.ReflectionDispatch
[Test worker] WARN net.thucydides.core.reflection.StackTraceAnalyser - Failed to load class during Stack analysis: org.gradle.internal.remote.internal.hub.MessageHubBackedObjectConnection$DispatchWrapper
[Test worker] WARN net.thucydides.core.reflection.StackTraceAnalyser - Failed to load class during Stack analysis: org.gradle.internal.remote.internal.hub.MessageHubBackedObjectConnection$DispatchWrapper
[Test worker] WARN net.thucydides.core.reflection.StackTraceAnalyser - Failed to load class during Stack analysis: org.gradle.internal.remote.internal.hub.MessageHub$Handler
[Test worker] WARN net.thucydides.core.reflection.StackTraceAnalyser - Failed to load class during Stack analysis: org.gradle.internal.concurrent.ExecutorPolicy$CatchAndRecordFailures
[Test worker] WARN net.thucydides.core.reflection.StackTraceAnalyser - Failed to load class during Stack analysis: org.gradle.internal.concurrent.ManagedExecutorImpl$1
[Test worker] WARN net.thucydides.core.reflection.StackTraceAnalyser - Failed to load class during Stack analysis: org.gradle.internal.concurrent.ThreadFactoryImpl$ManagedThreadRunnable
[Test worker] WARN net.thucydides.core.reflection.StackTraceAnalyser - Failed to load class during Stack analysis: org.gradle.api.internal.tasks.testing.junit.JUnitTestClassExecutor
[Test worker] WARN net.thucydides.core.reflection.StackTraceAnalyser - Failed to load class during Stack analysis: org.gradle.api.internal.tasks.testing.junit.JUnitTestClassExecutor
[Test worker] WARN net.thucydides.core.reflection.StackTraceAnalyser - Failed to load class during Stack analysis: org.gradle.api.internal.tasks.testing.junit.JUnitTestClassExecutor
[Test worker] WARN net.thucydides.core.reflection.StackTraceAnalyser - Failed to load class during Stack analysis: org.gradle.api.internal.tasks.testing.junit.AbstractJUnitTestClassProcessor
[Test worker] WARN net.thucydides.core.reflection.StackTraceAnalyser - Failed to load class during Stack analysis: org.gradle.api.internal.tasks.testing.SuiteTestClassProcessor
[Test worker] WARN net.thucydides.core.reflection.StackTraceAnalyser - Failed to load class during Stack analysis: org.gradle.internal.dispatch.ReflectionDispatch
[Test worker] WARN net.thucydides.core.reflection.StackTraceAnalyser - Failed to load class during Stack analysis: org.gradle.internal.dispatch.ReflectionDispatch
[Test worker] WARN net.thucydides.core.reflection.StackTraceAnalyser - Failed to load class during Stack analysis: org.gradle.internal.dispatch.ContextClassLoaderDispatch
[Test worker] WARN net.thucydides.core.reflection.StackTraceAnalyser - Failed to load class during Stack analysis: org.gradle.internal.dispatch.ProxyDispatchAdapter$DispatchingInvocationHandler
[Test worker] WARN net.thucydides.core.reflection.StackTraceAnalyser - Failed to load class during Stack analysis: com.sun.proxy.$Proxy2
[Test worker] WARN net.thucydides.core.reflection.StackTraceAnalyser - Failed to load class during Stack analysis: org.gradle.api.internal.tasks.testing.worker.TestWorker
[Test worker] WARN net.thucydides.core.reflection.StackTraceAnalyser - Failed to load class during Stack analysis: org.gradle.internal.dispatch.ReflectionDispatch
[Test worker] WARN net.thucydides.core.reflection.StackTraceAnalyser - Failed to load class during Stack analysis: org.gradle.internal.dispatch.ReflectionDispatch
[Test worker] WARN net.thucydides.core.reflection.StackTraceAnalyser - Failed to load class during Stack analysis: org.gradle.internal.remote.internal.hub.MessageHubBackedObjectConnection$DispatchWrapper
[Test worker] WARN net.thucydides.core.reflection.StackTraceAnalyser - Failed to load class during Stack analysis: org.gradle.internal.remote.internal.hub.MessageHubBackedObjectConnection$DispatchWrapper
[Test worker] WARN net.thucydides.core.reflection.StackTraceAnalyser - Failed to load class during Stack analysis: org.gradle.internal.remote.internal.hub.MessageHub$Handler
[Test worker] WARN net.thucydides.core.reflection.StackTraceAnalyser - Failed to load class during Stack analysis: org.gradle.internal.concurrent.ExecutorPolicy$CatchAndRecordFailures
[Test worker] WARN net.thucydides.core.reflection.StackTraceAnalyser - Failed to load class during Stack analysis: org.gradle.internal.concurrent.ManagedExecutorImpl$1
[Test worker] WARN net.thucydides.core.reflection.StackTraceAnalyser - Failed to load class during Stack analysis: org.gradle.internal.concurrent.ThreadFactoryImpl$ManagedThreadRunnable
[Test worker] INFO net.thucydides.core.screenshots.Photographer - Failed to quickly delete screenshot screenshot1303990228106528148 : C:\Users\Marina\AppData\Local\Temp\screenshot1303990228106528148: The process cannot access the file because it is being used by another process.

[Test worker] INFO net.thucydides.core.steps.StepInterceptor - STEP DONE: openRegistrationPage
[Test worker] WARN net.thucydides.core.reflection.StackTraceAnalyser - Failed to load class during Stack analysis: org.gradle.api.internal.tasks.testing.junit.JUnitTestClassExecutor
[Test worker] WARN net.thucydides.core.reflection.StackTraceAnalyser - Failed to load class during Stack analysis: org.gradle.api.internal.tasks.testing.junit.JUnitTestClassExecutor
[Test worker] WARN net.thucydides.core.reflection.StackTraceAnalyser - Failed to load class during Stack analysis: org.gradle.api.internal.tasks.testing.junit.JUnitTestClassExecutor
[Test worker] WARN net.thucydides.core.reflection.StackTraceAnalyser - Failed to load class during Stack analysis: org.gradle.api.internal.tasks.testing.junit.AbstractJUnitTestClassProcessor
[Test worker] WARN net.thucydides.core.reflection.StackTraceAnalyser - Failed to load class during Stack analysis: org.gradle.api.internal.tasks.testing.SuiteTestClassProcessor
[Test worker] WARN net.thucydides.core.reflection.StackTraceAnalyser - Failed to load class during Stack analysis: org.gradle.internal.dispatch.ReflectionDispatch
[Test worker] WARN net.thucydides.core.reflection.StackTraceAnalyser - Failed to load class during Stack analysis: org.gradle.internal.dispatch.ReflectionDispatch
[Test worker] WARN net.thucydides.core.reflection.StackTraceAnalyser - Failed to load class during Stack analysis: org.gradle.internal.dispatch.ContextClassLoaderDispatch
[Test worker] WARN net.thucydides.core.reflection.StackTraceAnalyser - Failed to load class during Stack analysis: org.gradle.internal.dispatch.ProxyDispatchAdapter$DispatchingInvocationHandler
[Test worker] WARN net.thucydides.core.reflection.StackTraceAnalyser - Failed to load class during Stack analysis: com.sun.proxy.$Proxy2
[Test worker] WARN net.thucydides.core.reflection.StackTraceAnalyser - Failed to load class during Stack analysis: org.gradle.api.internal.tasks.testing.worker.TestWorker
[Test worker] WARN net.thucydides.core.reflection.StackTraceAnalyser - Failed to load class during Stack analysis: org.gradle.internal.dispatch.ReflectionDispatch
[Test worker] WARN net.thucydides.core.reflection.StackTraceAnalyser - Failed to load class during Stack analysis: org.gradle.internal.dispatch.ReflectionDispatch
[Test worker] WARN net.thucydides.core.reflection.StackTraceAnalyser - Failed to load class during Stack analysis: org.gradle.internal.remote.internal.hub.MessageHubBackedObjectConnection$DispatchWrapper
[Test worker] WARN net.thucydides.core.reflection.StackTraceAnalyser - Failed to load class during Stack analysis: org.gradle.internal.remote.internal.hub.MessageHubBackedObjectConnection$DispatchWrapper
[Test worker] WARN net.thucydides.core.reflection.StackTraceAnalyser - Failed to load class during Stack analysis: org.gradle.internal.remote.internal.hub.MessageHub$Handler
[Test worker] WARN net.thucydides.core.reflection.StackTraceAnalyser - Failed to load class during Stack analysis: org.gradle.internal.concurrent.ExecutorPolicy$CatchAndRecordFailures
[Test worker] WARN net.thucydides.core.reflection.StackTraceAnalyser - Failed to load class during Stack analysis: org.gradle.internal.concurrent.ManagedExecutorImpl$1
[Test worker] WARN net.thucydides.core.reflection.StackTraceAnalyser - Failed to load class during Stack analysis: org.gradle.internal.concurrent.ThreadFactoryImpl$ManagedThreadRunnable
[Test worker] WARN net.thucydides.core.reflection.StackTraceAnalyser - Failed to load class during Stack analysis: org.gradle.api.internal.tasks.testing.junit.JUnitTestClassExecutor
[Test worker] WARN net.thucydides.core.reflection.StackTraceAnalyser - Failed to load class during Stack analysis: org.gradle.api.internal.tasks.testing.junit.JUnitTestClassExecutor
[Test worker] WARN net.thucydides.core.reflection.StackTraceAnalyser - Failed to load class during Stack analysis: org.gradle.api.internal.tasks.testing.junit.JUnitTestClassExecutor
[Test worker] WARN net.thucydides.core.reflection.StackTraceAnalyser - Failed to load class during Stack analysis: org.gradle.api.internal.tasks.testing.junit.AbstractJUnitTestClassProcessor
[Test worker] WARN net.thucydides.core.reflection.StackTraceAnalyser - Failed to load class during Stack analysis: org.gradle.api.internal.tasks.testing.SuiteTestClassProcessor
[Test worker] WARN net.thucydides.core.reflection.StackTraceAnalyser - Failed to load class during Stack analysis: org.gradle.internal.dispatch.ReflectionDispatch
[Test worker] WARN net.thucydides.core.reflection.StackTraceAnalyser - Failed to load class during Stack analysis: org.gradle.internal.dispatch.ReflectionDispatch
[Test worker] WARN net.thucydides.core.reflection.StackTraceAnalyser - Failed to load class during Stack analysis: org.gradle.internal.dispatch.ContextClassLoaderDispatch
[Test worker] WARN net.thucydides.core.reflection.StackTraceAnalyser - Failed to load class during Stack analysis: org.gradle.internal.dispatch.ProxyDispatchAdapter$DispatchingInvocationHandler
[Test worker] WARN net.thucydides.core.reflection.StackTraceAnalyser - Failed to load class during Stack analysis: com.sun.proxy.$Proxy2
[Test worker] WARN net.thucydides.core.reflection.StackTraceAnalyser - Failed to load class during Stack analysis: org.gradle.api.internal.tasks.testing.worker.TestWorker
[Test worker] WARN net.thucydides.core.reflection.StackTraceAnalyser - Failed to load class during Stack analysis: org.gradle.internal.dispatch.ReflectionDispatch
[Test worker] WARN net.thucydides.core.reflection.StackTraceAnalyser - Failed to load class during Stack analysis: org.gradle.internal.dispatch.ReflectionDispatch
[Test worker] WARN net.thucydides.core.reflection.StackTraceAnalyser - Failed to load class during Stack analysis: org.gradle.internal.remote.internal.hub.MessageHubBackedObjectConnection$DispatchWrapper
[Test worker] WARN net.thucydides.core.reflection.StackTraceAnalyser - Failed to load class during Stack analysis: org.gradle.internal.remote.internal.hub.MessageHubBackedObjectConnection$DispatchWrapper
[Test worker] WARN net.thucydides.core.reflection.StackTraceAnalyser - Failed to load class during Stack analysis: org.gradle.internal.remote.internal.hub.MessageHub$Handler
[Test worker] WARN net.thucydides.core.reflection.StackTraceAnalyser - Failed to load class during Stack analysis: org.gradle.internal.concurrent.ExecutorPolicy$CatchAndRecordFailures
[Test worker] WARN net.thucydides.core.reflection.StackTraceAnalyser - Failed to load class during Stack analysis: org.gradle.internal.concurrent.ManagedExecutorImpl$1
[Test worker] WARN net.thucydides.core.reflection.StackTraceAnalyser - Failed to load class during Stack analysis: org.gradle.internal.concurrent.ThreadFactoryImpl$ManagedThreadRunnable
[Test worker] INFO net.thucydides.core.screenshots.Photographer - Failed to quickly delete screenshot screenshot2392525928909027437 : C:\Users\Marina\AppData\Local\Temp\screenshot2392525928909027437: The process cannot access the file because it is being used by another process.

[Test worker] INFO net.thucydides.core.steps.StepInterceptor - STARTING STEP: RegistrationTest.registerWithExistCredentials - enterCredentials
[Test worker] WARN net.thucydides.core.reflection.StackTraceAnalyser - Failed to load class during Stack analysis: org.gradle.api.internal.tasks.testing.junit.JUnitTestClassExecutor
[Test worker] WARN net.thucydides.core.reflection.StackTraceAnalyser - Failed to load class during Stack analysis: org.gradle.api.internal.tasks.testing.junit.JUnitTestClassExecutor
[Test worker] WARN net.thucydides.core.reflection.StackTraceAnalyser - Failed to load class during Stack analysis: org.gradle.api.internal.tasks.testing.junit.JUnitTestClassExecutor
[Test worker] WARN net.thucydides.core.reflection.StackTraceAnalyser - Failed to load class during Stack analysis: org.gradle.api.internal.tasks.testing.junit.AbstractJUnitTestClassProcessor
[Test worker] WARN net.thucydides.core.reflection.StackTraceAnalyser - Failed to load class during Stack analysis: org.gradle.api.internal.tasks.testing.SuiteTestClassProcessor
[Test worker] WARN net.thucydides.core.reflection.StackTraceAnalyser - Failed to load class during Stack analysis: org.gradle.internal.dispatch.ReflectionDispatch
[Test worker] WARN net.thucydides.core.reflection.StackTraceAnalyser - Failed to load class during Stack analysis: org.gradle.internal.dispatch.ReflectionDispatch
[Test worker] WARN net.thucydides.core.reflection.StackTraceAnalyser - Failed to load class during Stack analysis: org.gradle.internal.dispatch.ContextClassLoaderDispatch
[Test worker] WARN net.thucydides.core.reflection.StackTraceAnalyser - Failed to load class during Stack analysis: org.gradle.internal.dispatch.ProxyDispatchAdapter$DispatchingInvocationHandler
[Test worker] WARN net.thucydides.core.reflection.StackTraceAnalyser - Failed to load class during Stack analysis: com.sun.proxy.$Proxy2
[Test worker] WARN net.thucydides.core.reflection.StackTraceAnalyser - Failed to load class during Stack analysis: org.gradle.api.internal.tasks.testing.worker.TestWorker
[Test worker] WARN net.thucydides.core.reflection.StackTraceAnalyser - Failed to load class during Stack analysis: org.gradle.internal.dispatch.ReflectionDispatch
[Test worker] WARN net.thucydides.core.reflection.StackTraceAnalyser - Failed to load class during Stack analysis: org.gradle.internal.dispatch.ReflectionDispatch
[Test worker] WARN net.thucydides.core.reflection.StackTraceAnalyser - Failed to load class during Stack analysis: org.gradle.internal.remote.internal.hub.MessageHubBackedObjectConnection$DispatchWrapper
[Test worker] WARN net.thucydides.core.reflection.StackTraceAnalyser - Failed to load class during Stack analysis: org.gradle.internal.remote.internal.hub.MessageHubBackedObjectConnection$DispatchWrapper
[Test worker] WARN net.thucydides.core.reflection.StackTraceAnalyser - Failed to load class during Stack analysis: org.gradle.internal.remote.internal.hub.MessageHub$Handler
[Test worker] WARN net.thucydides.core.reflection.StackTraceAnalyser - Failed to load class during Stack analysis: org.gradle.internal.concurrent.ExecutorPolicy$CatchAndRecordFailures
[Test worker] WARN net.thucydides.core.reflection.StackTraceAnalyser - Failed to load class during Stack analysis: org.gradle.internal.concurrent.ManagedExecutorImpl$1
[Test worker] WARN net.thucydides.core.reflection.StackTraceAnalyser - Failed to load class during Stack analysis: org.gradle.internal.concurrent.ThreadFactoryImpl$ManagedThreadRunnable
[Test worker] WARN net.thucydides.core.reflection.StackTraceAnalyser - Failed to load class during Stack analysis: org.gradle.api.internal.tasks.testing.junit.JUnitTestClassExecutor
[Test worker] WARN net.thucydides.core.reflection.StackTraceAnalyser - Failed to load class during Stack analysis: org.gradle.api.internal.tasks.testing.junit.JUnitTestClassExecutor
[Test worker] WARN net.thucydides.core.reflection.StackTraceAnalyser - Failed to load class during Stack analysis: org.gradle.api.internal.tasks.testing.junit.JUnitTestClassExecutor
[Test worker] WARN net.thucydides.core.reflection.StackTraceAnalyser - Failed to load class during Stack analysis: org.gradle.api.internal.tasks.testing.junit.AbstractJUnitTestClassProcessor
[Test worker] WARN net.thucydides.core.reflection.StackTraceAnalyser - Failed to load class during Stack analysis: org.gradle.api.internal.tasks.testing.SuiteTestClassProcessor
[Test worker] WARN net.thucydides.core.reflection.StackTraceAnalyser - Failed to load class during Stack analysis: org.gradle.internal.dispatch.ReflectionDispatch
[Test worker] WARN net.thucydides.core.reflection.StackTraceAnalyser - Failed to load class during Stack analysis: org.gradle.internal.dispatch.ReflectionDispatch
[Test worker] WARN net.thucydides.core.reflection.StackTraceAnalyser - Failed to load class during Stack analysis: org.gradle.internal.dispatch.ContextClassLoaderDispatch
[Test worker] WARN net.thucydides.core.reflection.StackTraceAnalyser - Failed to load class during Stack analysis: org.gradle.internal.dispatch.ProxyDispatchAdapter$DispatchingInvocationHandler
[Test worker] WARN net.thucydides.core.reflection.StackTraceAnalyser - Failed to load class during Stack analysis: com.sun.proxy.$Proxy2
[Test worker] WARN net.thucydides.core.reflection.StackTraceAnalyser - Failed to load class during Stack analysis: org.gradle.api.internal.tasks.testing.worker.TestWorker
[Test worker] WARN net.thucydides.core.reflection.StackTraceAnalyser - Failed to load class during Stack analysis: org.gradle.internal.dispatch.ReflectionDispatch
[Test worker] WARN net.thucydides.core.reflection.StackTraceAnalyser - Failed to load class during Stack analysis: org.gradle.internal.dispatch.ReflectionDispatch
[Test worker] WARN net.thucydides.core.reflection.StackTraceAnalyser - Failed to load class during Stack analysis: org.gradle.internal.remote.internal.hub.MessageHubBackedObjectConnection$DispatchWrapper
[Test worker] WARN net.thucydides.core.reflection.StackTraceAnalyser - Failed to load class during Stack analysis: org.gradle.internal.remote.internal.hub.MessageHubBackedObjectConnection$DispatchWrapper
[Test worker] WARN net.thucydides.core.reflection.StackTraceAnalyser - Failed to load class during Stack analysis: org.gradle.internal.remote.internal.hub.MessageHub$Handler
[Test worker] WARN net.thucydides.core.reflection.StackTraceAnalyser - Failed to load class during Stack analysis: org.gradle.internal.concurrent.ExecutorPolicy$CatchAndRecordFailures
[Test worker] WARN net.thucydides.core.reflection.StackTraceAnalyser - Failed to load class during Stack analysis: org.gradle.internal.concurrent.ManagedExecutorImpl$1
[Test worker] WARN net.thucydides.core.reflection.StackTraceAnalyser - Failed to load class during Stack analysis: org.gradle.internal.concurrent.ThreadFactoryImpl$ManagedThreadRunnable
[Screenshot Processor] INFO net.thucydides.core.screenshots.SingleThreadScreenshotProcessor - Processing screenshot: C:\Users\Marina\AppData\Local\Temp\screenshot1695403249469779382
[Test worker] INFO net.thucydides.core.steps.StepInterceptor - STEP DONE: enterCredentials
[Test worker] WARN net.thucydides.core.reflection.StackTraceAnalyser - Failed to load class during Stack analysis: org.gradle.api.internal.tasks.testing.junit.JUnitTestClassExecutor
[Test worker] WARN net.thucydides.core.reflection.StackTraceAnalyser - Failed to load class during Stack analysis: org.gradle.api.internal.tasks.testing.junit.JUnitTestClassExecutor
[Test worker] WARN net.thucydides.core.reflection.StackTraceAnalyser - Failed to load class during Stack analysis: org.gradle.api.internal.tasks.testing.junit.JUnitTestClassExecutor
[Test worker] WARN net.thucydides.core.reflection.StackTraceAnalyser - Failed to load class during Stack analysis: org.gradle.api.internal.tasks.testing.junit.AbstractJUnitTestClassProcessor
[Test worker] WARN net.thucydides.core.reflection.StackTraceAnalyser - Failed to load class during Stack analysis: org.gradle.api.internal.tasks.testing.SuiteTestClassProcessor
[Test worker] WARN net.thucydides.core.reflection.StackTraceAnalyser - Failed to load class during Stack analysis: org.gradle.internal.dispatch.ReflectionDispatch
[Test worker] WARN net.thucydides.core.reflection.StackTraceAnalyser - Failed to load class during Stack analysis: org.gradle.internal.dispatch.ReflectionDispatch
[Test worker] WARN net.thucydides.core.reflection.StackTraceAnalyser - Failed to load class during Stack analysis: org.gradle.internal.dispatch.ContextClassLoaderDispatch
[Test worker] WARN net.thucydides.core.reflection.StackTraceAnalyser - Failed to load class during Stack analysis: org.gradle.internal.dispatch.ProxyDispatchAdapter$DispatchingInvocationHandler
[Test worker] WARN net.thucydides.core.reflection.StackTraceAnalyser - Failed to load class during Stack analysis: com.sun.proxy.$Proxy2
[Test worker] WARN net.thucydides.core.reflection.StackTraceAnalyser - Failed to load class during Stack analysis: org.gradle.api.internal.tasks.testing.worker.TestWorker
[Test worker] WARN net.thucydides.core.reflection.StackTraceAnalyser - Failed to load class during Stack analysis: org.gradle.internal.dispatch.ReflectionDispatch
[Test worker] WARN net.thucydides.core.reflection.StackTraceAnalyser - Failed to load class during Stack analysis: org.gradle.internal.dispatch.ReflectionDispatch
[Test worker] WARN net.thucydides.core.reflection.StackTraceAnalyser - Failed to load class during Stack analysis: org.gradle.internal.remote.internal.hub.MessageHubBackedObjectConnection$DispatchWrapper
[Test worker] WARN net.thucydides.core.reflection.StackTraceAnalyser - Failed to load class during Stack analysis: org.gradle.internal.remote.internal.hub.MessageHubBackedObjectConnection$DispatchWrapper
[Test worker] WARN net.thucydides.core.reflection.StackTraceAnalyser - Failed to load class during Stack analysis: org.gradle.internal.remote.internal.hub.MessageHub$Handler
[Test worker] WARN net.thucydides.core.reflection.StackTraceAnalyser - Failed to load class during Stack analysis: org.gradle.internal.concurrent.ExecutorPolicy$CatchAndRecordFailures
[Test worker] WARN net.thucydides.core.reflection.StackTraceAnalyser - Failed to load class during Stack analysis: org.gradle.internal.concurrent.ManagedExecutorImpl$1
[Test worker] WARN net.thucydides.core.reflection.StackTraceAnalyser - Failed to load class during Stack analysis: org.gradle.internal.concurrent.ThreadFactoryImpl$ManagedThreadRunnable
[Test worker] WARN net.thucydides.core.reflection.StackTraceAnalyser - Failed to load class during Stack analysis: org.gradle.api.internal.tasks.testing.junit.JUnitTestClassExecutor
[Test worker] WARN net.thucydides.core.reflection.StackTraceAnalyser - Failed to load class during Stack analysis: org.gradle.api.internal.tasks.testing.junit.JUnitTestClassExecutor
[Test worker] WARN net.thucydides.core.reflection.StackTraceAnalyser - Failed to load class during Stack analysis: org.gradle.api.internal.tasks.testing.junit.JUnitTestClassExecutor
[Test worker] WARN net.thucydides.core.reflection.StackTraceAnalyser - Failed to load class during Stack analysis: org.gradle.api.internal.tasks.testing.junit.AbstractJUnitTestClassProcessor
[Test worker] WARN net.thucydides.core.reflection.StackTraceAnalyser - Failed to load class during Stack analysis: org.gradle.api.internal.tasks.testing.SuiteTestClassProcessor
[Test worker] WARN net.thucydides.core.reflection.StackTraceAnalyser - Failed to load class during Stack analysis: org.gradle.internal.dispatch.ReflectionDispatch
[Test worker] WARN net.thucydides.core.reflection.StackTraceAnalyser - Failed to load class during Stack analysis: org.gradle.internal.dispatch.ReflectionDispatch
[Test worker] WARN net.thucydides.core.reflection.StackTraceAnalyser - Failed to load class during Stack analysis: org.gradle.internal.dispatch.ContextClassLoaderDispatch
[Test worker] WARN net.thucydides.core.reflection.StackTraceAnalyser - Failed to load class during Stack analysis: org.gradle.internal.dispatch.ProxyDispatchAdapter$DispatchingInvocationHandler
[Test worker] WARN net.thucydides.core.reflection.StackTraceAnalyser - Failed to load class during Stack analysis: com.sun.proxy.$Proxy2
[Test worker] WARN net.thucydides.core.reflection.StackTraceAnalyser - Failed to load class during Stack analysis: org.gradle.api.internal.tasks.testing.worker.TestWorker
[Test worker] WARN net.thucydides.core.reflection.StackTraceAnalyser - Failed to load class during Stack analysis: org.gradle.internal.dispatch.ReflectionDispatch
[Test worker] WARN net.thucydides.core.reflection.StackTraceAnalyser - Failed to load class during Stack analysis: org.gradle.internal.dispatch.ReflectionDispatch
[Test worker] WARN net.thucydides.core.reflection.StackTraceAnalyser - Failed to load class during Stack analysis: org.gradle.internal.remote.internal.hub.MessageHubBackedObjectConnection$DispatchWrapper
[Test worker] WARN net.thucydides.core.reflection.StackTraceAnalyser - Failed to load class during Stack analysis: org.gradle.internal.remote.internal.hub.MessageHubBackedObjectConnection$DispatchWrapper
[Test worker] WARN net.thucydides.core.reflection.StackTraceAnalyser - Failed to load class during Stack analysis: org.gradle.internal.remote.internal.hub.MessageHub$Handler
[Test worker] WARN net.thucydides.core.reflection.StackTraceAnalyser - Failed to load class during Stack analysis: org.gradle.internal.concurrent.ExecutorPolicy$CatchAndRecordFailures
[Test worker] WARN net.thucydides.core.reflection.StackTraceAnalyser - Failed to load class during Stack analysis: org.gradle.internal.concurrent.ManagedExecutorImpl$1
[Test worker] WARN net.thucydides.core.reflection.StackTraceAnalyser - Failed to load class during Stack analysis: org.gradle.internal.concurrent.ThreadFactoryImpl$ManagedThreadRunnable
[Screenshot Processor] INFO net.thucydides.core.screenshots.SingleThreadScreenshotProcessor - Processing screenshot completed
[Test worker] INFO net.thucydides.core.screenshots.Photographer - Failed to quickly delete screenshot screenshot4908745544872526075 : C:\Users\Marina\AppData\Local\Temp\screenshot4908745544872526075: The process cannot access the file because it is being used by another process.

[Test worker] INFO net.thucydides.core.steps.StepInterceptor - STARTING STEP: RegistrationTest.registerWithExistCredentials - checkErrorDisplayed
[Test worker] WARN net.thucydides.core.reflection.StackTraceAnalyser - Failed to load class during Stack analysis: org.gradle.api.internal.tasks.testing.junit.JUnitTestClassExecutor
[Test worker] WARN net.thucydides.core.reflection.StackTraceAnalyser - Failed to load class during Stack analysis: org.gradle.api.internal.tasks.testing.junit.JUnitTestClassExecutor
[Test worker] WARN net.thucydides.core.reflection.StackTraceAnalyser - Failed to load class during Stack analysis: org.gradle.api.internal.tasks.testing.junit.JUnitTestClassExecutor
[Test worker] WARN net.thucydides.core.reflection.StackTraceAnalyser - Failed to load class during Stack analysis: org.gradle.api.internal.tasks.testing.junit.AbstractJUnitTestClassProcessor
[Test worker] WARN net.thucydides.core.reflection.StackTraceAnalyser - Failed to load class during Stack analysis: org.gradle.api.internal.tasks.testing.SuiteTestClassProcessor
[Test worker] WARN net.thucydides.core.reflection.StackTraceAnalyser - Failed to load class during Stack analysis: org.gradle.internal.dispatch.ReflectionDispatch
[Test worker] WARN net.thucydides.core.reflection.StackTraceAnalyser - Failed to load class during Stack analysis: org.gradle.internal.dispatch.ReflectionDispatch
[Test worker] WARN net.thucydides.core.reflection.StackTraceAnalyser - Failed to load class during Stack analysis: org.gradle.internal.dispatch.ContextClassLoaderDispatch
[Test worker] WARN net.thucydides.core.reflection.StackTraceAnalyser - Failed to load class during Stack analysis: org.gradle.internal.dispatch.ProxyDispatchAdapter$DispatchingInvocationHandler
[Test worker] WARN net.thucydides.core.reflection.StackTraceAnalyser - Failed to load class during Stack analysis: com.sun.proxy.$Proxy2
[Test worker] WARN net.thucydides.core.reflection.StackTraceAnalyser - Failed to load class during Stack analysis: org.gradle.api.internal.tasks.testing.worker.TestWorker
[Test worker] WARN net.thucydides.core.reflection.StackTraceAnalyser - Failed to load class during Stack analysis: org.gradle.internal.dispatch.ReflectionDispatch
[Test worker] WARN net.thucydides.core.reflection.StackTraceAnalyser - Failed to load class during Stack analysis: org.gradle.internal.dispatch.ReflectionDispatch
[Test worker] WARN net.thucydides.core.reflection.StackTraceAnalyser - Failed to load class during Stack analysis: org.gradle.internal.remote.internal.hub.MessageHubBackedObjectConnection$DispatchWrapper
[Test worker] WARN net.thucydides.core.reflection.StackTraceAnalyser - Failed to load class during Stack analysis: org.gradle.internal.remote.internal.hub.MessageHubBackedObjectConnection$DispatchWrapper
[Test worker] WARN net.thucydides.core.reflection.StackTraceAnalyser - Failed to load class during Stack analysis: org.gradle.internal.remote.internal.hub.MessageHub$Handler
[Test worker] WARN net.thucydides.core.reflection.StackTraceAnalyser - Failed to load class during Stack analysis: org.gradle.internal.concurrent.ExecutorPolicy$CatchAndRecordFailures
[Test worker] WARN net.thucydides.core.reflection.StackTraceAnalyser - Failed to load class during Stack analysis: org.gradle.internal.concurrent.ManagedExecutorImpl$1
[Test worker] WARN net.thucydides.core.reflection.StackTraceAnalyser - Failed to load class during Stack analysis: org.gradle.internal.concurrent.ThreadFactoryImpl$ManagedThreadRunnable
[Test worker] WARN net.thucydides.core.reflection.StackTraceAnalyser - Failed to load class during Stack analysis: org.gradle.api.internal.tasks.testing.junit.JUnitTestClassExecutor
[Test worker] WARN net.thucydides.core.reflection.StackTraceAnalyser - Failed to load class during Stack analysis: org.gradle.api.internal.tasks.testing.junit.JUnitTestClassExecutor
[Test worker] WARN net.thucydides.core.reflection.StackTraceAnalyser - Failed to load class during Stack analysis: org.gradle.api.internal.tasks.testing.junit.JUnitTestClassExecutor
[Test worker] WARN net.thucydides.core.reflection.StackTraceAnalyser - Failed to load class during Stack analysis: org.gradle.api.internal.tasks.testing.junit.AbstractJUnitTestClassProcessor
[Test worker] WARN net.thucydides.core.reflection.StackTraceAnalyser - Failed to load class during Stack analysis: org.gradle.api.internal.tasks.testing.SuiteTestClassProcessor
[Test worker] WARN net.thucydides.core.reflection.StackTraceAnalyser - Failed to load class during Stack analysis: org.gradle.internal.dispatch.ReflectionDispatch
[Test worker] WARN net.thucydides.core.reflection.StackTraceAnalyser - Failed to load class during Stack analysis: org.gradle.internal.dispatch.ReflectionDispatch
[Test worker] WARN net.thucydides.core.reflection.StackTraceAnalyser - Failed to load class during Stack analysis: org.gradle.internal.dispatch.ContextClassLoaderDispatch
[Test worker] WARN net.thucydides.core.reflection.StackTraceAnalyser - Failed to load class during Stack analysis: org.gradle.internal.dispatch.ProxyDispatchAdapter$DispatchingInvocationHandler
[Test worker] WARN net.thucydides.core.reflection.StackTraceAnalyser - Failed to load class during Stack analysis: com.sun.proxy.$Proxy2
[Test worker] WARN net.thucydides.core.reflection.StackTraceAnalyser - Failed to load class during Stack analysis: org.gradle.api.internal.tasks.testing.worker.TestWorker
[Test worker] WARN net.thucydides.core.reflection.StackTraceAnalyser - Failed to load class during Stack analysis: org.gradle.internal.dispatch.ReflectionDispatch
[Test worker] WARN net.thucydides.core.reflection.StackTraceAnalyser - Failed to load class during Stack analysis: org.gradle.internal.dispatch.ReflectionDispatch
[Test worker] WARN net.thucydides.core.reflection.StackTraceAnalyser - Failed to load class during Stack analysis: org.gradle.internal.remote.internal.hub.MessageHubBackedObjectConnection$DispatchWrapper
[Test worker] WARN net.thucydides.core.reflection.StackTraceAnalyser - Failed to load class during Stack analysis: org.gradle.internal.remote.internal.hub.MessageHubBackedObjectConnection$DispatchWrapper
[Test worker] WARN net.thucydides.core.reflection.StackTraceAnalyser - Failed to load class during Stack analysis: org.gradle.internal.remote.internal.hub.MessageHub$Handler
[Test worker] WARN net.thucydides.core.reflection.StackTraceAnalyser - Failed to load class during Stack analysis: org.gradle.internal.concurrent.ExecutorPolicy$CatchAndRecordFailures
[Test worker] WARN net.thucydides.core.reflection.StackTraceAnalyser - Failed to load class during Stack analysis: org.gradle.internal.concurrent.ManagedExecutorImpl$1
[Test worker] WARN net.thucydides.core.reflection.StackTraceAnalyser - Failed to load class during Stack analysis: org.gradle.internal.concurrent.ThreadFactoryImpl$ManagedThreadRunnable
[Test worker] INFO net.thucydides.core.screenshots.Photographer - Failed to quickly delete screenshot screenshot4523277339944294292 : C:\Users\Marina\AppData\Local\Temp\screenshot4523277339944294292: The process cannot access the file because it is being used by another process.

[Test worker] INFO net.thucydides.core.steps.StepInterceptor - STEP DONE: checkErrorDisplayed
[Test worker] INFO net.serenitybdd.core.Serenity - 
        __    _____ _____ ____ _____   ____   _    ____  ____  _____ ____  
  _     \ \  |_   _| ____/ ___|_   _| |  _ \ / \  / ___|/ ___|| ____|  _ \ 
 (_)_____| |   | | |  _| \___ \ | |   | |_) / _ \ \___ \\___ \|  _| | | | |
  _|_____| |   | | | |___ ___) || |   |  __/ ___ \ ___) |___) | |___| |_| |
 (_)     | |   |_| |_____|____/ |_|   |_| /_/   \_\____/|____/|_____|____/ 
        /_/                                                                

TEST PASSED: Register with exist credentials
----------------------------------------------------------------------------
Oct 20, 2019 11:20:16 PM org.openqa.selenium.os.UnixProcess$SeleniumWatchDog destroyHarder
INFO: Command failed to close cleanly. Destroying forcefully (v2). org.openqa.selenium.os.UnixProcess$SeleniumWatchDog@70b7c362
[Test worker] INFO net.serenitybdd.core.Serenity - Test Suite Started: Registration test
[Test worker] INFO net.serenitybdd.core.Serenity - 
  _____ _____ ____ _____   ____ _____  _    ____ _____ _____ ____  
 |_   _| ____/ ___|_   _| / ___|_   _|/ \  |  _ \_   _| ____|  _ \ 
   | | |  _| \___ \ | |   \___ \ | | / _ \ | |_) || | |  _| | | | |
   | | | |___ ___) || |    ___) || |/ ___ \|  _ < | | | |___| |_| |
   |_| |_____|____/ |_|   |____/ |_/_/   \_\_| \_\|_| |_____|____/ 
                                                                   

TEST STARTED: loginWithCorrectCredentials
--------------------------------------------------------------------
[Test worker] INFO net.serenitybdd.core.Serenity - TEST NUMBER: 2
Starting ChromeDriver 77.0.3865.40 (f484704e052e0b556f8030b65b953dce96503217-refs/branch-heads/3865@{#442}) on port 19986
Only local connections are allowed.
Please protect ports used by ChromeDriver and related test frameworks to prevent access by malicious code.
[1571602820.936][WARNING]: Timed out connecting to Chrome, retrying...
[1571602824.980][WARNING]: Timed out connecting to Chrome, retrying...
[Test worker] WARN net.thucydides.core.reflection.StackTraceAnalyser - Failed to load class during Stack analysis: org.gradle.api.internal.tasks.testing.junit.JUnitTestClassExecutor
[Test worker] WARN net.thucydides.core.reflection.StackTraceAnalyser - Failed to load class during Stack analysis: org.gradle.api.internal.tasks.testing.junit.JUnitTestClassExecutor
[Test worker] WARN net.thucydides.core.reflection.StackTraceAnalyser - Failed to load class during Stack analysis: org.gradle.api.internal.tasks.testing.junit.JUnitTestClassExecutor
[Test worker] WARN net.thucydides.core.reflection.StackTraceAnalyser - Failed to load class during Stack analysis: org.gradle.api.internal.tasks.testing.junit.AbstractJUnitTestClassProcessor
[Test worker] WARN net.thucydides.core.reflection.StackTraceAnalyser - Failed to load class during Stack analysis: org.gradle.api.internal.tasks.testing.SuiteTestClassProcessor
[Test worker] WARN net.thucydides.core.reflection.StackTraceAnalyser - Failed to load class during Stack analysis: org.gradle.internal.dispatch.ReflectionDispatch
[Test worker] WARN net.thucydides.core.reflection.StackTraceAnalyser - Failed to load class during Stack analysis: org.gradle.internal.dispatch.ReflectionDispatch
[Test worker] WARN net.thucydides.core.reflection.StackTraceAnalyser - Failed to load class during Stack analysis: org.gradle.internal.dispatch.ContextClassLoaderDispatch
[Test worker] WARN net.thucydides.core.reflection.StackTraceAnalyser - Failed to load class during Stack analysis: org.gradle.internal.dispatch.ProxyDispatchAdapter$DispatchingInvocationHandler
[Test worker] WARN net.thucydides.core.reflection.StackTraceAnalyser - Failed to load class during Stack analysis: com.sun.proxy.$Proxy2
[Test worker] WARN net.thucydides.core.reflection.StackTraceAnalyser - Failed to load class during Stack analysis: org.gradle.api.internal.tasks.testing.worker.TestWorker
[Test worker] WARN net.thucydides.core.reflection.StackTraceAnalyser - Failed to load class during Stack analysis: org.gradle.internal.dispatch.ReflectionDispatch
[Test worker] WARN net.thucydides.core.reflection.StackTraceAnalyser - Failed to load class during Stack analysis: org.gradle.internal.dispatch.ReflectionDispatch
[Test worker] WARN net.thucydides.core.reflection.StackTraceAnalyser - Failed to load class during Stack analysis: org.gradle.internal.remote.internal.hub.MessageHubBackedObjectConnection$DispatchWrapper
[Test worker] WARN net.thucydides.core.reflection.StackTraceAnalyser - Failed to load class during Stack analysis: org.gradle.internal.remote.internal.hub.MessageHubBackedObjectConnection$DispatchWrapper
[Test worker] WARN net.thucydides.core.reflection.StackTraceAnalyser - Failed to load class during Stack analysis: org.gradle.internal.remote.internal.hub.MessageHub$Handler
[Test worker] WARN net.thucydides.core.reflection.StackTraceAnalyser - Failed to load class during Stack analysis: org.gradle.internal.concurrent.ExecutorPolicy$CatchAndRecordFailures
[Test worker] WARN net.thucydides.core.reflection.StackTraceAnalyser - Failed to load class during Stack analysis: org.gradle.internal.concurrent.ManagedExecutorImpl$1
[Test worker] WARN net.thucydides.core.reflection.StackTraceAnalyser - Failed to load class during Stack analysis: org.gradle.internal.concurrent.ThreadFactoryImpl$ManagedThreadRunnable
[Test worker] WARN net.thucydides.core.reflection.StackTraceAnalyser - Failed to load class during Stack analysis: org.gradle.api.internal.tasks.testing.junit.JUnitTestClassExecutor
[Test worker] WARN net.thucydides.core.reflection.StackTraceAnalyser - Failed to load class during Stack analysis: org.gradle.api.internal.tasks.testing.junit.JUnitTestClassExecutor
[Test worker] WARN net.thucydides.core.reflection.StackTraceAnalyser - Failed to load class during Stack analysis: org.gradle.api.internal.tasks.testing.junit.JUnitTestClassExecutor
[Test worker] WARN net.thucydides.core.reflection.StackTraceAnalyser - Failed to load class during Stack analysis: org.gradle.api.internal.tasks.testing.junit.AbstractJUnitTestClassProcessor
[Test worker] WARN net.thucydides.core.reflection.StackTraceAnalyser - Failed to load class during Stack analysis: org.gradle.api.internal.tasks.testing.SuiteTestClassProcessor
[Test worker] WARN net.thucydides.core.reflection.StackTraceAnalyser - Failed to load class during Stack analysis: org.gradle.internal.dispatch.ReflectionDispatch
[Test worker] WARN net.thucydides.core.reflection.StackTraceAnalyser - Failed to load class during Stack analysis: org.gradle.internal.dispatch.ReflectionDispatch
[Test worker] WARN net.thucydides.core.reflection.StackTraceAnalyser - Failed to load class during Stack analysis: org.gradle.internal.dispatch.ContextClassLoaderDispatch
[Test worker] WARN net.thucydides.core.reflection.StackTraceAnalyser - Failed to load class during Stack analysis: org.gradle.internal.dispatch.ProxyDispatchAdapter$DispatchingInvocationHandler
[Test worker] WARN net.thucydides.core.reflection.StackTraceAnalyser - Failed to load class during Stack analysis: com.sun.proxy.$Proxy2
[Test worker] WARN net.thucydides.core.reflection.StackTraceAnalyser - Failed to load class during Stack analysis: org.gradle.api.internal.tasks.testing.worker.TestWorker
[Test worker] WARN net.thucydides.core.reflection.StackTraceAnalyser - Failed to load class during Stack analysis: org.gradle.internal.dispatch.ReflectionDispatch
[Test worker] WARN net.thucydides.core.reflection.StackTraceAnalyser - Failed to load class during Stack analysis: org.gradle.internal.dispatch.ReflectionDispatch
[Test worker] WARN net.thucydides.core.reflection.StackTraceAnalyser - Failed to load class during Stack analysis: org.gradle.internal.remote.internal.hub.MessageHubBackedObjectConnection$DispatchWrapper
[Test worker] WARN net.thucydides.core.reflection.StackTraceAnalyser - Failed to load class during Stack analysis: org.gradle.internal.remote.internal.hub.MessageHubBackedObjectConnection$DispatchWrapper
[Test worker] WARN net.thucydides.core.reflection.StackTraceAnalyser - Failed to load class during Stack analysis: org.gradle.internal.remote.internal.hub.MessageHub$Handler
[Test worker] WARN net.thucydides.core.reflection.StackTraceAnalyser - Failed to load class during Stack analysis: org.gradle.internal.concurrent.ExecutorPolicy$CatchAndRecordFailures
[Test worker] WARN net.thucydides.core.reflection.StackTraceAnalyser - Failed to load class during Stack analysis: org.gradle.internal.concurrent.ManagedExecutorImpl$1
[Test worker] WARN net.thucydides.core.reflection.StackTraceAnalyser - Failed to load class during Stack analysis: org.gradle.internal.concurrent.ThreadFactoryImpl$ManagedThreadRunnable
[Test worker] INFO net.thucydides.core.screenshots.Photographer - Failed to quickly delete screenshot screenshot1699330148398633354 : C:\Users\Marina\AppData\Local\Temp\screenshot1699330148398633354: The process cannot access the file because it is being used by another process.

[Test worker] INFO net.thucydides.core.steps.StepInterceptor - STARTING STEP: RegistrationTest.beforeTest - openRegistrationPage
[Test worker] WARN net.thucydides.core.reflection.StackTraceAnalyser - Failed to load class during Stack analysis: org.gradle.api.internal.tasks.testing.junit.JUnitTestClassExecutor
[Test worker] WARN net.thucydides.core.reflection.StackTraceAnalyser - Failed to load class during Stack analysis: org.gradle.api.internal.tasks.testing.junit.JUnitTestClassExecutor
[Test worker] WARN net.thucydides.core.reflection.StackTraceAnalyser - Failed to load class during Stack analysis: org.gradle.api.internal.tasks.testing.junit.JUnitTestClassExecutor
[Test worker] WARN net.thucydides.core.reflection.StackTraceAnalyser - Failed to load class during Stack analysis: org.gradle.api.internal.tasks.testing.junit.AbstractJUnitTestClassProcessor
[Test worker] WARN net.thucydides.core.reflection.StackTraceAnalyser - Failed to load class during Stack analysis: org.gradle.api.internal.tasks.testing.SuiteTestClassProcessor
[Test worker] WARN net.thucydides.core.reflection.StackTraceAnalyser - Failed to load class during Stack analysis: org.gradle.internal.dispatch.ReflectionDispatch
[Test worker] WARN net.thucydides.core.reflection.StackTraceAnalyser - Failed to load class during Stack analysis: org.gradle.internal.dispatch.ReflectionDispatch
[Test worker] WARN net.thucydides.core.reflection.StackTraceAnalyser - Failed to load class during Stack analysis: org.gradle.internal.dispatch.ContextClassLoaderDispatch
[Test worker] WARN net.thucydides.core.reflection.StackTraceAnalyser - Failed to load class during Stack analysis: org.gradle.internal.dispatch.ProxyDispatchAdapter$DispatchingInvocationHandler
[Test worker] WARN net.thucydides.core.reflection.StackTraceAnalyser - Failed to load class during Stack analysis: com.sun.proxy.$Proxy2
[Test worker] WARN net.thucydides.core.reflection.StackTraceAnalyser - Failed to load class during Stack analysis: org.gradle.api.internal.tasks.testing.worker.TestWorker
[Test worker] WARN net.thucydides.core.reflection.StackTraceAnalyser - Failed to load class during Stack analysis: org.gradle.internal.dispatch.ReflectionDispatch
[Test worker] WARN net.thucydides.core.reflection.StackTraceAnalyser - Failed to load class during Stack analysis: org.gradle.internal.dispatch.ReflectionDispatch
[Test worker] WARN net.thucydides.core.reflection.StackTraceAnalyser - Failed to load class during Stack analysis: org.gradle.internal.remote.internal.hub.MessageHubBackedObjectConnection$DispatchWrapper
[Test worker] WARN net.thucydides.core.reflection.StackTraceAnalyser - Failed to load class during Stack analysis: org.gradle.internal.remote.internal.hub.MessageHubBackedObjectConnection$DispatchWrapper
[Test worker] WARN net.thucydides.core.reflection.StackTraceAnalyser - Failed to load class during Stack analysis: org.gradle.internal.remote.internal.hub.MessageHub$Handler
[Test worker] WARN net.thucydides.core.reflection.StackTraceAnalyser - Failed to load class during Stack analysis: org.gradle.internal.concurrent.ExecutorPolicy$CatchAndRecordFailures
[Test worker] WARN net.thucydides.core.reflection.StackTraceAnalyser - Failed to load class during Stack analysis: org.gradle.internal.concurrent.ManagedExecutorImpl$1
[Test worker] WARN net.thucydides.core.reflection.StackTraceAnalyser - Failed to load class during Stack analysis: org.gradle.internal.concurrent.ThreadFactoryImpl$ManagedThreadRunnable
[Test worker] WARN net.thucydides.core.reflection.StackTraceAnalyser - Failed to load class during Stack analysis: org.gradle.api.internal.tasks.testing.junit.JUnitTestClassExecutor
[Test worker] WARN net.thucydides.core.reflection.StackTraceAnalyser - Failed to load class during Stack analysis: org.gradle.api.internal.tasks.testing.junit.JUnitTestClassExecutor
[Test worker] WARN net.thucydides.core.reflection.StackTraceAnalyser - Failed to load class during Stack analysis: org.gradle.api.internal.tasks.testing.junit.JUnitTestClassExecutor
[Test worker] WARN net.thucydides.core.reflection.StackTraceAnalyser - Failed to load class during Stack analysis: org.gradle.api.internal.tasks.testing.junit.AbstractJUnitTestClassProcessor
[Test worker] WARN net.thucydides.core.reflection.StackTraceAnalyser - Failed to load class during Stack analysis: org.gradle.api.internal.tasks.testing.SuiteTestClassProcessor
[Test worker] WARN net.thucydides.core.reflection.StackTraceAnalyser - Failed to load class during Stack analysis: org.gradle.internal.dispatch.ReflectionDispatch
[Test worker] WARN net.thucydides.core.reflection.StackTraceAnalyser - Failed to load class during Stack analysis: org.gradle.internal.dispatch.ReflectionDispatch
[Test worker] WARN net.thucydides.core.reflection.StackTraceAnalyser - Failed to load class during Stack analysis: org.gradle.internal.dispatch.ContextClassLoaderDispatch
[Test worker] WARN net.thucydides.core.reflection.StackTraceAnalyser - Failed to load class during Stack analysis: org.gradle.internal.dispatch.ProxyDispatchAdapter$DispatchingInvocationHandler
[Test worker] WARN net.thucydides.core.reflection.StackTraceAnalyser - Failed to load class during Stack analysis: com.sun.proxy.$Proxy2
[Test worker] WARN net.thucydides.core.reflection.StackTraceAnalyser - Failed to load class during Stack analysis: org.gradle.api.internal.tasks.testing.worker.TestWorker
[Test worker] WARN net.thucydides.core.reflection.StackTraceAnalyser - Failed to load class during Stack analysis: org.gradle.internal.dispatch.ReflectionDispatch
[Test worker] WARN net.thucydides.core.reflection.StackTraceAnalyser - Failed to load class during Stack analysis: org.gradle.internal.dispatch.ReflectionDispatch
[Test worker] WARN net.thucydides.core.reflection.StackTraceAnalyser - Failed to load class during Stack analysis: org.gradle.internal.remote.internal.hub.MessageHubBackedObjectConnection$DispatchWrapper
[Test worker] WARN net.thucydides.core.reflection.StackTraceAnalyser - Failed to load class during Stack analysis: org.gradle.internal.remote.internal.hub.MessageHubBackedObjectConnection$DispatchWrapper
[Test worker] WARN net.thucydides.core.reflection.StackTraceAnalyser - Failed to load class during Stack analysis: org.gradle.internal.remote.internal.hub.MessageHub$Handler
[Test worker] WARN net.thucydides.core.reflection.StackTraceAnalyser - Failed to load class during Stack analysis: org.gradle.internal.concurrent.ExecutorPolicy$CatchAndRecordFailures
[Test worker] WARN net.thucydides.core.reflection.StackTraceAnalyser - Failed to load class during Stack analysis: org.gradle.internal.concurrent.ManagedExecutorImpl$1
[Test worker] WARN net.thucydides.core.reflection.StackTraceAnalyser - Failed to load class during Stack analysis: org.gradle.internal.concurrent.ThreadFactoryImpl$ManagedThreadRunnable
[Test worker] INFO net.thucydides.core.screenshots.Photographer - Failed to quickly delete screenshot screenshot5027048340413125358 : C:\Users\Marina\AppData\Local\Temp\screenshot5027048340413125358: The process cannot access the file because it is being used by another process.

[Test worker] INFO net.thucydides.core.steps.StepInterceptor - STEP DONE: openRegistrationPage
[Test worker] WARN net.thucydides.core.reflection.StackTraceAnalyser - Failed to load class during Stack analysis: org.gradle.api.internal.tasks.testing.junit.JUnitTestClassExecutor
[Test worker] WARN net.thucydides.core.reflection.StackTraceAnalyser - Failed to load class during Stack analysis: org.gradle.api.internal.tasks.testing.junit.JUnitTestClassExecutor
[Test worker] WARN net.thucydides.core.reflection.StackTraceAnalyser - Failed to load class during Stack analysis: org.gradle.api.internal.tasks.testing.junit.JUnitTestClassExecutor
[Test worker] WARN net.thucydides.core.reflection.StackTraceAnalyser - Failed to load class during Stack analysis: org.gradle.api.internal.tasks.testing.junit.AbstractJUnitTestClassProcessor
[Test worker] WARN net.thucydides.core.reflection.StackTraceAnalyser - Failed to load class during Stack analysis: org.gradle.api.internal.tasks.testing.SuiteTestClassProcessor
[Test worker] WARN net.thucydides.core.reflection.StackTraceAnalyser - Failed to load class during Stack analysis: org.gradle.internal.dispatch.ReflectionDispatch
[Test worker] WARN net.thucydides.core.reflection.StackTraceAnalyser - Failed to load class during Stack analysis: org.gradle.internal.dispatch.ReflectionDispatch
[Test worker] WARN net.thucydides.core.reflection.StackTraceAnalyser - Failed to load class during Stack analysis: org.gradle.internal.dispatch.ContextClassLoaderDispatch
[Test worker] WARN net.thucydides.core.reflection.StackTraceAnalyser - Failed to load class during Stack analysis: org.gradle.internal.dispatch.ProxyDispatchAdapter$DispatchingInvocationHandler
[Test worker] WARN net.thucydides.core.reflection.StackTraceAnalyser - Failed to load class during Stack analysis: com.sun.proxy.$Proxy2
[Test worker] WARN net.thucydides.core.reflection.StackTraceAnalyser - Failed to load class during Stack analysis: org.gradle.api.internal.tasks.testing.worker.TestWorker
[Test worker] WARN net.thucydides.core.reflection.StackTraceAnalyser - Failed to load class during Stack analysis: org.gradle.internal.dispatch.ReflectionDispatch
[Test worker] WARN net.thucydides.core.reflection.StackTraceAnalyser - Failed to load class during Stack analysis: org.gradle.internal.dispatch.ReflectionDispatch
[Test worker] WARN net.thucydides.core.reflection.StackTraceAnalyser - Failed to load class during Stack analysis: org.gradle.internal.remote.internal.hub.MessageHubBackedObjectConnection$DispatchWrapper
[Test worker] WARN net.thucydides.core.reflection.StackTraceAnalyser - Failed to load class during Stack analysis: org.gradle.internal.remote.internal.hub.MessageHubBackedObjectConnection$DispatchWrapper
[Test worker] WARN net.thucydides.core.reflection.StackTraceAnalyser - Failed to load class during Stack analysis: org.gradle.internal.remote.internal.hub.MessageHub$Handler
[Test worker] WARN net.thucydides.core.reflection.StackTraceAnalyser - Failed to load class during Stack analysis: org.gradle.internal.concurrent.ExecutorPolicy$CatchAndRecordFailures
[Test worker] WARN net.thucydides.core.reflection.StackTraceAnalyser - Failed to load class during Stack analysis: org.gradle.internal.concurrent.ManagedExecutorImpl$1
[Test worker] WARN net.thucydides.core.reflection.StackTraceAnalyser - Failed to load class during Stack analysis: org.gradle.internal.concurrent.ThreadFactoryImpl$ManagedThreadRunnable
[Test worker] WARN net.thucydides.core.reflection.StackTraceAnalyser - Failed to load class during Stack analysis: org.gradle.api.internal.tasks.testing.junit.JUnitTestClassExecutor
[Test worker] WARN net.thucydides.core.reflection.StackTraceAnalyser - Failed to load class during Stack analysis: org.gradle.api.internal.tasks.testing.junit.JUnitTestClassExecutor
[Test worker] WARN net.thucydides.core.reflection.StackTraceAnalyser - Failed to load class during Stack analysis: org.gradle.api.internal.tasks.testing.junit.JUnitTestClassExecutor
[Test worker] WARN net.thucydides.core.reflection.StackTraceAnalyser - Failed to load class during Stack analysis: org.gradle.api.internal.tasks.testing.junit.AbstractJUnitTestClassProcessor
[Test worker] WARN net.thucydides.core.reflection.StackTraceAnalyser - Failed to load class during Stack analysis: org.gradle.api.internal.tasks.testing.SuiteTestClassProcessor
[Test worker] WARN net.thucydides.core.reflection.StackTraceAnalyser - Failed to load class during Stack analysis: org.gradle.internal.dispatch.ReflectionDispatch
[Test worker] WARN net.thucydides.core.reflection.StackTraceAnalyser - Failed to load class during Stack analysis: org.gradle.internal.dispatch.ReflectionDispatch
[Test worker] WARN net.thucydides.core.reflection.StackTraceAnalyser - Failed to load class during Stack analysis: org.gradle.internal.dispatch.ContextClassLoaderDispatch
[Test worker] WARN net.thucydides.core.reflection.StackTraceAnalyser - Failed to load class during Stack analysis: org.gradle.internal.dispatch.ProxyDispatchAdapter$DispatchingInvocationHandler
[Test worker] WARN net.thucydides.core.reflection.StackTraceAnalyser - Failed to load class during Stack analysis: com.sun.proxy.$Proxy2
[Test worker] WARN net.thucydides.core.reflection.StackTraceAnalyser - Failed to load class during Stack analysis: org.gradle.api.internal.tasks.testing.worker.TestWorker
[Test worker] WARN net.thucydides.core.reflection.StackTraceAnalyser - Failed to load class during Stack analysis: org.gradle.internal.dispatch.ReflectionDispatch
[Test worker] WARN net.thucydides.core.reflection.StackTraceAnalyser - Failed to load class during Stack analysis: org.gradle.internal.dispatch.ReflectionDispatch
[Test worker] WARN net.thucydides.core.reflection.StackTraceAnalyser - Failed to load class during Stack analysis: org.gradle.internal.remote.internal.hub.MessageHubBackedObjectConnection$DispatchWrapper
[Test worker] WARN net.thucydides.core.reflection.StackTraceAnalyser - Failed to load class during Stack analysis: org.gradle.internal.remote.internal.hub.MessageHubBackedObjectConnection$DispatchWrapper
[Test worker] WARN net.thucydides.core.reflection.StackTraceAnalyser - Failed to load class during Stack analysis: org.gradle.internal.remote.internal.hub.MessageHub$Handler
[Test worker] WARN net.thucydides.core.reflection.StackTraceAnalyser - Failed to load class during Stack analysis: org.gradle.internal.concurrent.ExecutorPolicy$CatchAndRecordFailures
[Test worker] WARN net.thucydides.core.reflection.StackTraceAnalyser - Failed to load class during Stack analysis: org.gradle.internal.concurrent.ManagedExecutorImpl$1
[Test worker] WARN net.thucydides.core.reflection.StackTraceAnalyser - Failed to load class during Stack analysis: org.gradle.internal.concurrent.ThreadFactoryImpl$ManagedThreadRunnable
[Test worker] INFO net.thucydides.core.screenshots.Photographer - Failed to quickly delete screenshot screenshot934590030608138264 : C:\Users\Marina\AppData\Local\Temp\screenshot934590030608138264: The process cannot access the file because it is being used by another process.

[Test worker] INFO net.thucydides.core.steps.StepInterceptor - STARTING STEP: RegistrationTest.loginWithCorrectCredentials - enterCredentials
[Test worker] WARN net.thucydides.core.reflection.StackTraceAnalyser - Failed to load class during Stack analysis: org.gradle.api.internal.tasks.testing.junit.JUnitTestClassExecutor
[Test worker] WARN net.thucydides.core.reflection.StackTraceAnalyser - Failed to load class during Stack analysis: org.gradle.api.internal.tasks.testing.junit.JUnitTestClassExecutor
[Test worker] WARN net.thucydides.core.reflection.StackTraceAnalyser - Failed to load class during Stack analysis: org.gradle.api.internal.tasks.testing.junit.JUnitTestClassExecutor
[Test worker] WARN net.thucydides.core.reflection.StackTraceAnalyser - Failed to load class during Stack analysis: org.gradle.api.internal.tasks.testing.junit.AbstractJUnitTestClassProcessor
[Test worker] WARN net.thucydides.core.reflection.StackTraceAnalyser - Failed to load class during Stack analysis: org.gradle.api.internal.tasks.testing.SuiteTestClassProcessor
[Test worker] WARN net.thucydides.core.reflection.StackTraceAnalyser - Failed to load class during Stack analysis: org.gradle.internal.dispatch.ReflectionDispatch
[Test worker] WARN net.thucydides.core.reflection.StackTraceAnalyser - Failed to load class during Stack analysis: org.gradle.internal.dispatch.ReflectionDispatch
[Test worker] WARN net.thucydides.core.reflection.StackTraceAnalyser - Failed to load class during Stack analysis: org.gradle.internal.dispatch.ContextClassLoaderDispatch
[Test worker] WARN net.thucydides.core.reflection.StackTraceAnalyser - Failed to load class during Stack analysis: org.gradle.internal.dispatch.ProxyDispatchAdapter$DispatchingInvocationHandler
[Test worker] WARN net.thucydides.core.reflection.StackTraceAnalyser - Failed to load class during Stack analysis: com.sun.proxy.$Proxy2
[Test worker] WARN net.thucydides.core.reflection.StackTraceAnalyser - Failed to load class during Stack analysis: org.gradle.api.internal.tasks.testing.worker.TestWorker
[Test worker] WARN net.thucydides.core.reflection.StackTraceAnalyser - Failed to load class during Stack analysis: org.gradle.internal.dispatch.ReflectionDispatch
[Test worker] WARN net.thucydides.core.reflection.StackTraceAnalyser - Failed to load class during Stack analysis: org.gradle.internal.dispatch.ReflectionDispatch
[Test worker] WARN net.thucydides.core.reflection.StackTraceAnalyser - Failed to load class during Stack analysis: org.gradle.internal.remote.internal.hub.MessageHubBackedObjectConnection$DispatchWrapper
[Test worker] WARN net.thucydides.core.reflection.StackTraceAnalyser - Failed to load class during Stack analysis: org.gradle.internal.remote.internal.hub.MessageHubBackedObjectConnection$DispatchWrapper
[Test worker] WARN net.thucydides.core.reflection.StackTraceAnalyser - Failed to load class during Stack analysis: org.gradle.internal.remote.internal.hub.MessageHub$Handler
[Test worker] WARN net.thucydides.core.reflection.StackTraceAnalyser - Failed to load class during Stack analysis: org.gradle.internal.concurrent.ExecutorPolicy$CatchAndRecordFailures
[Test worker] WARN net.thucydides.core.reflection.StackTraceAnalyser - Failed to load class during Stack analysis: org.gradle.internal.concurrent.ManagedExecutorImpl$1
[Test worker] WARN net.thucydides.core.reflection.StackTraceAnalyser - Failed to load class during Stack analysis: org.gradle.internal.concurrent.ThreadFactoryImpl$ManagedThreadRunnable
[Test worker] WARN net.thucydides.core.reflection.StackTraceAnalyser - Failed to load class during Stack analysis: org.gradle.api.internal.tasks.testing.junit.JUnitTestClassExecutor
[Test worker] WARN net.thucydides.core.reflection.StackTraceAnalyser - Failed to load class during Stack analysis: org.gradle.api.internal.tasks.testing.junit.JUnitTestClassExecutor
[Test worker] WARN net.thucydides.core.reflection.StackTraceAnalyser - Failed to load class during Stack analysis: org.gradle.api.internal.tasks.testing.junit.JUnitTestClassExecutor
[Test worker] WARN net.thucydides.core.reflection.StackTraceAnalyser - Failed to load class during Stack analysis: org.gradle.api.internal.tasks.testing.junit.AbstractJUnitTestClassProcessor
[Test worker] WARN net.thucydides.core.reflection.StackTraceAnalyser - Failed to load class during Stack analysis: org.gradle.api.internal.tasks.testing.SuiteTestClassProcessor
[Test worker] WARN net.thucydides.core.reflection.StackTraceAnalyser - Failed to load class during Stack analysis: org.gradle.internal.dispatch.ReflectionDispatch
[Test worker] WARN net.thucydides.core.reflection.StackTraceAnalyser - Failed to load class during Stack analysis: org.gradle.internal.dispatch.ReflectionDispatch
[Test worker] WARN net.thucydides.core.reflection.StackTraceAnalyser - Failed to load class during Stack analysis: org.gradle.internal.dispatch.ContextClassLoaderDispatch
[Test worker] WARN net.thucydides.core.reflection.StackTraceAnalyser - Failed to load class during Stack analysis: org.gradle.internal.dispatch.ProxyDispatchAdapter$DispatchingInvocationHandler
[Test worker] WARN net.thucydides.core.reflection.StackTraceAnalyser - Failed to load class during Stack analysis: com.sun.proxy.$Proxy2
[Test worker] WARN net.thucydides.core.reflection.StackTraceAnalyser - Failed to load class during Stack analysis: org.gradle.api.internal.tasks.testing.worker.TestWorker
[Test worker] WARN net.thucydides.core.reflection.StackTraceAnalyser - Failed to load class during Stack analysis: org.gradle.internal.dispatch.ReflectionDispatch
[Test worker] WARN net.thucydides.core.reflection.StackTraceAnalyser - Failed to load class during Stack analysis: org.gradle.internal.dispatch.ReflectionDispatch
[Test worker] WARN net.thucydides.core.reflection.StackTraceAnalyser - Failed to load class during Stack analysis: org.gradle.internal.remote.internal.hub.MessageHubBackedObjectConnection$DispatchWrapper
[Test worker] WARN net.thucydides.core.reflection.StackTraceAnalyser - Failed to load class during Stack analysis: org.gradle.internal.remote.internal.hub.MessageHubBackedObjectConnection$DispatchWrapper
[Test worker] WARN net.thucydides.core.reflection.StackTraceAnalyser - Failed to load class during Stack analysis: org.gradle.internal.remote.internal.hub.MessageHub$Handler
[Test worker] WARN net.thucydides.core.reflection.StackTraceAnalyser - Failed to load class during Stack analysis: org.gradle.internal.concurrent.ExecutorPolicy$CatchAndRecordFailures
[Test worker] WARN net.thucydides.core.reflection.StackTraceAnalyser - Failed to load class during Stack analysis: org.gradle.internal.concurrent.ManagedExecutorImpl$1
[Test worker] WARN net.thucydides.core.reflection.StackTraceAnalyser - Failed to load class during Stack analysis: org.gradle.internal.concurrent.ThreadFactoryImpl$ManagedThreadRunnable
[Screenshot Processor] INFO net.thucydides.core.screenshots.SingleThreadScreenshotProcessor - Processing screenshot: C:\Users\Marina\AppData\Local\Temp\screenshot2250313845369210948
[Test worker] INFO net.thucydides.core.steps.StepInterceptor - STEP DONE: enterCredentials
[Test worker] WARN net.thucydides.core.reflection.StackTraceAnalyser - Failed to load class during Stack analysis: org.gradle.api.internal.tasks.testing.junit.JUnitTestClassExecutor
[Test worker] WARN net.thucydides.core.reflection.StackTraceAnalyser - Failed to load class during Stack analysis: org.gradle.api.internal.tasks.testing.junit.JUnitTestClassExecutor
[Test worker] WARN net.thucydides.core.reflection.StackTraceAnalyser - Failed to load class during Stack analysis: org.gradle.api.internal.tasks.testing.junit.JUnitTestClassExecutor
[Test worker] WARN net.thucydides.core.reflection.StackTraceAnalyser - Failed to load class during Stack analysis: org.gradle.api.internal.tasks.testing.junit.AbstractJUnitTestClassProcessor
[Test worker] WARN net.thucydides.core.reflection.StackTraceAnalyser - Failed to load class during Stack analysis: org.gradle.api.internal.tasks.testing.SuiteTestClassProcessor
[Test worker] WARN net.thucydides.core.reflection.StackTraceAnalyser - Failed to load class during Stack analysis: org.gradle.internal.dispatch.ReflectionDispatch
[Test worker] WARN net.thucydides.core.reflection.StackTraceAnalyser - Failed to load class during Stack analysis: org.gradle.internal.dispatch.ReflectionDispatch
[Test worker] WARN net.thucydides.core.reflection.StackTraceAnalyser - Failed to load class during Stack analysis: org.gradle.internal.dispatch.ContextClassLoaderDispatch
[Test worker] WARN net.thucydides.core.reflection.StackTraceAnalyser - Failed to load class during Stack analysis: org.gradle.internal.dispatch.ProxyDispatchAdapter$DispatchingInvocationHandler
[Test worker] WARN net.thucydides.core.reflection.StackTraceAnalyser - Failed to load class during Stack analysis: com.sun.proxy.$Proxy2
[Test worker] WARN net.thucydides.core.reflection.StackTraceAnalyser - Failed to load class during Stack analysis: org.gradle.api.internal.tasks.testing.worker.TestWorker
[Test worker] WARN net.thucydides.core.reflection.StackTraceAnalyser - Failed to load class during Stack analysis: org.gradle.internal.dispatch.ReflectionDispatch
[Test worker] WARN net.thucydides.core.reflection.StackTraceAnalyser - Failed to load class during Stack analysis: org.gradle.internal.dispatch.ReflectionDispatch
[Test worker] WARN net.thucydides.core.reflection.StackTraceAnalyser - Failed to load class during Stack analysis: org.gradle.internal.remote.internal.hub.MessageHubBackedObjectConnection$DispatchWrapper
[Test worker] WARN net.thucydides.core.reflection.StackTraceAnalyser - Failed to load class during Stack analysis: org.gradle.internal.remote.internal.hub.MessageHubBackedObjectConnection$DispatchWrapper
[Test worker] WARN net.thucydides.core.reflection.StackTraceAnalyser - Failed to load class during Stack analysis: org.gradle.internal.remote.internal.hub.MessageHub$Handler
[Test worker] WARN net.thucydides.core.reflection.StackTraceAnalyser - Failed to load class during Stack analysis: org.gradle.internal.concurrent.ExecutorPolicy$CatchAndRecordFailures
[Test worker] WARN net.thucydides.core.reflection.StackTraceAnalyser - Failed to load class during Stack analysis: org.gradle.internal.concurrent.ManagedExecutorImpl$1
[Test worker] WARN net.thucydides.core.reflection.StackTraceAnalyser - Failed to load class during Stack analysis: org.gradle.internal.concurrent.ThreadFactoryImpl$ManagedThreadRunnable
[Test worker] WARN net.thucydides.core.reflection.StackTraceAnalyser - Failed to load class during Stack analysis: org.gradle.api.internal.tasks.testing.junit.JUnitTestClassExecutor
[Test worker] WARN net.thucydides.core.reflection.StackTraceAnalyser - Failed to load class during Stack analysis: org.gradle.api.internal.tasks.testing.junit.JUnitTestClassExecutor
[Test worker] WARN net.thucydides.core.reflection.StackTraceAnalyser - Failed to load class during Stack analysis: org.gradle.api.internal.tasks.testing.junit.JUnitTestClassExecutor
[Test worker] WARN net.thucydides.core.reflection.StackTraceAnalyser - Failed to load class during Stack analysis: org.gradle.api.internal.tasks.testing.junit.AbstractJUnitTestClassProcessor
[...]
[Test worker] WARN net.thucydides.core.reflection.StackTraceAnalyser - Failed to load class during Stack analysis: org.gradle.internal.dispatch.ReflectionDispatch
[Test worker] WARN net.thucydides.core.reflection.StackTraceAnalyser - Failed to load class during Stack analysis: org.gradle.internal.remote.internal.hub.MessageHubBackedObjectConnection$DispatchWrapper
[Test worker] WARN net.thucydides.core.reflection.StackTraceAnalyser - Failed to load class during Stack analysis: org.gradle.internal.remote.internal.hub.MessageHubBackedObjectConnection$DispatchWrapper
[Test worker] WARN net.thucydides.core.reflection.StackTraceAnalyser - Failed to load class during Stack analysis: org.gradle.internal.remote.internal.hub.MessageHub$Handler
[Test worker] WARN net.thucydides.core.reflection.StackTraceAnalyser - Failed to load class during Stack analysis: org.gradle.internal.concurrent.ExecutorPolicy$CatchAndRecordFailures
[Test worker] WARN net.thucydides.core.reflection.StackTraceAnalyser - Failed to load class during Stack analysis: org.gradle.internal.concurrent.ManagedExecutorImpl$1
[Test worker] WARN net.thucydides.core.reflection.StackTraceAnalyser - Failed to load class during Stack analysis: org.gradle.internal.concurrent.ThreadFactoryImpl$ManagedThreadRunnable
[Test worker] WARN net.thucydides.core.reflection.StackTraceAnalyser - Failed to load class during Stack analysis: org.gradle.api.internal.tasks.testing.junit.JUnitTestClassExecutor
[Test worker] WARN net.thucydides.core.reflection.StackTraceAnalyser - Failed to load class during Stack analysis: org.gradle.api.internal.tasks.testing.junit.JUnitTestClassExecutor
[Test worker] WARN net.thucydides.core.reflection.StackTraceAnalyser - Failed to load class during Stack analysis: org.gradle.api.internal.tasks.testing.junit.JUnitTestClassExecutor
[Test worker] WARN net.thucydides.core.reflection.StackTraceAnalyser - Failed to load class during Stack analysis: org.gradle.api.internal.tasks.testing.junit.AbstractJUnitTestClassProcessor
[Test worker] WARN net.thucydides.core.reflection.StackTraceAnalyser - Failed to load class during Stack analysis: org.gradle.api.internal.tasks.testing.SuiteTestClassProcessor
[Test worker] WARN net.thucydides.core.reflection.StackTraceAnalyser - Failed to load class during Stack analysis: org.gradle.internal.dispatch.ReflectionDispatch
[Test worker] WARN net.thucydides.core.reflection.StackTraceAnalyser - Failed to load class during Stack analysis: org.gradle.internal.dispatch.ReflectionDispatch
[Test worker] WARN net.thucydides.core.reflection.StackTraceAnalyser - Failed to load class during Stack analysis: org.gradle.internal.dispatch.ContextClassLoaderDispatch
[Test worker] WARN net.thucydides.core.reflection.StackTraceAnalyser - Failed to load class during Stack analysis: org.gradle.internal.dispatch.ProxyDispatchAdapter$DispatchingInvocationHandler
[Test worker] WARN net.thucydides.core.reflection.StackTraceAnalyser - Failed to load class during Stack analysis: com.sun.proxy.$Proxy2
[Test worker] WARN net.thucydides.core.reflection.StackTraceAnalyser - Failed to load class during Stack analysis: org.gradle.api.internal.tasks.testing.worker.TestWorker
[Test worker] WARN net.thucydides.core.reflection.StackTraceAnalyser - Failed to load class during Stack analysis: org.gradle.internal.dispatch.ReflectionDispatch
[Test worker] WARN net.thucydides.core.reflection.StackTraceAnalyser - Failed to load class during Stack analysis: org.gradle.internal.dispatch.ReflectionDispatch
[Test worker] WARN net.thucydides.core.reflection.StackTraceAnalyser - Failed to load class during Stack analysis: org.gradle.internal.remote.internal.hub.MessageHubBackedObjectConnection$DispatchWrapper
[Test worker] WARN net.thucydides.core.reflection.StackTraceAnalyser - Failed to load class during Stack analysis: org.gradle.internal.remote.internal.hub.MessageHubBackedObjectConnection$DispatchWrapper
[Test worker] WARN net.thucydides.core.reflection.StackTraceAnalyser - Failed to load class during Stack analysis: org.gradle.internal.remote.internal.hub.MessageHub$Handler
[Test worker] WARN net.thucydides.core.reflection.StackTraceAnalyser - Failed to load class during Stack analysis: org.gradle.internal.concurrent.ExecutorPolicy$CatchAndRecordFailures
[Test worker] WARN net.thucydides.core.reflection.StackTraceAnalyser - Failed to load class during Stack analysis: org.gradle.internal.concurrent.ManagedExecutorImpl$1
[Test worker] WARN net.thucydides.core.reflection.StackTraceAnalyser - Failed to load class during Stack analysis: org.gradle.internal.concurrent.ThreadFactoryImpl$ManagedThreadRunnable
[Screenshot Processor] INFO net.thucydides.core.screenshots.SingleThreadScreenshotProcessor - Processing screenshot: C:\Users\Marina\AppData\Local\Temp\screenshot527344257773865241
[Test worker] INFO net.thucydides.core.steps.StepInterceptor - STEP DONE: checkInfoMessageDisplayed
[Screenshot Processor] INFO net.thucydides.core.screenshots.SingleThreadScreenshotProcessor - Processing screenshot completed
[Test worker] INFO net.serenitybdd.core.Serenity - 
        __    _____ _____ ____ _____   ____   _    ____  ____  _____ ____  
  _     \ \  |_   _| ____/ ___|_   _| |  _ \ / \  / ___|/ ___|| ____|  _ \ 
 (_)_____| |   | | |  _| \___ \ | |   | |_) / _ \ \___ \\___ \|  _| | | | |
  _|_____| |   | | | |___ ___) || |   |  __/ ___ \ ___) |___) | |___| |_| |
 (_)     | |   |_| |_____|____/ |_|   |_| /_/   \_\____/|____/|_____|____/ 
        /_/                                                                

TEST PASSED: Login with correct credentials
----------------------------------------------------------------------------
[Test worker] INFO net.thucydides.core.reports.ReportService - Reporting formats: [JSON, XML, HTML]
[Test worker] INFO net.thucydides.core.reports.ReportService - Found reporter: net.thucydides.core.reports.xml.XMLTestOutcomeReporter@32bd4b15(format = Optional.of(XML))
[Test worker] INFO net.thucydides.core.reports.ReportService - Registering reporter: net.thucydides.core.reports.xml.XMLTestOutcomeReporter@32bd4b15
[Test worker] INFO net.thucydides.core.reports.ReportService - Found reporter: net.thucydides.core.reports.json.JSONTestOutcomeReporter@8face8c(format = Optional.of(JSON))
[Test worker] INFO net.thucydides.core.reports.ReportService - Registering reporter: net.thucydides.core.reports.json.JSONTestOutcomeReporter@8face8c
[Test worker] INFO net.thucydides.core.reports.ReportService - Found reporter: net.thucydides.core.reports.html.HtmlAcceptanceTestReporter@2521fdd4(format = Optional.of(HTML))
[Test worker] INFO net.thucydides.core.reports.ReportService - Registering reporter: net.thucydides.core.reports.html.HtmlAcceptanceTestReporter@2521fdd4
[Test worker] INFO net.thucydides.core.reports.ReportService - Generating reports using: net.thucydides.core.reports.xml.XMLTestOutcomeReporter@32bd4b15
[Test worker] INFO net.thucydides.core.reports.junit.JUnitXMLOutcomeReporter - GENERATING JUNIT REPORTS
[pool-1-thread-1] INFO net.thucydides.core.reports.ReportService - Processing test outcome Registration test:registerWithExistCredentials
[pool-1-thread-2] INFO net.thucydides.core.reports.ReportService - Processing test outcome Registration test:loginWithCorrectCredentials
[pool-1-thread-2] INFO net.thucydides.core.reports.ReportService - net.thucydides.core.reports.xml.XMLTestOutcomeReporter@32bd4b15: Generating report for test outcome: Registration test:loginWithCorrectCredentials
[pool-1-thread-1] INFO net.thucydides.core.reports.ReportService - net.thucydides.core.reports.xml.XMLTestOutcomeReporter@32bd4b15: Generating report for test outcome: Registration test:registerWithExistCredentials
[Test worker] INFO net.thucydides.core.reports.junit.JUnitXMLOutcomeReporter - GENERATING JUNIT REPORT SERENITY-JUNIT-b5fc7f5bfa58f0c1d95c6615daa5f4b12afbc3a79b04a1f3714bd7b7a91d2c2e.xml
[pool-1-thread-1] INFO net.thucydides.core.reports.xml.XMLTestOutcomeReporter - Generating XML report for Register with exist credentials to file D:\TsumTask\target\site\serenity\b5fc7f5bfa58f0c1d95c6615daa5f4b12afbc3a79b04a1f3714bd7b7a91d2c2e.xml
[pool-1-thread-2] INFO net.thucydides.core.reports.xml.XMLTestOutcomeReporter - Generating XML report for Login with correct credentials to file D:\TsumTask\target\site\serenity\f829a2548a13809bc0c313c2346f6b03a456b8e89ecd951ecc336b973e7eeac8.xml
[pool-1-thread-2] INFO net.thucydides.core.reports.xml.XMLTestOutcomeReporter - XML report generated (D:\TsumTask\target\site\serenity\f829a2548a13809bc0c313c2346f6b03a456b8e89ecd951ecc336b973e7eeac8.xml bytes) 1332
[pool-1-thread-1] INFO net.thucydides.core.reports.xml.XMLTestOutcomeReporter - XML report generated (D:\TsumTask\target\site\serenity\b5fc7f5bfa58f0c1d95c6615daa5f4b12afbc3a79b04a1f3714bd7b7a91d2c2e.xml bytes) 1255
[pool-1-thread-2] INFO net.thucydides.core.reports.ReportService - Processing test outcome Registration test:loginWithCorrectCredentials done
[pool-1-thread-1] INFO net.thucydides.core.reports.ReportService - Processing test outcome Registration test:registerWithExistCredentials done
[Test worker] INFO net.thucydides.core.reports.ReportService - Reports generated in: 380
[Test worker] INFO net.thucydides.core.reports.ReportService - Generating reports using: net.thucydides.core.reports.json.JSONTestOutcomeReporter@8face8c
[Test worker] INFO net.thucydides.core.reports.junit.JUnitXMLOutcomeReporter - GENERATING JUNIT REPORTS
[pool-1-thread-3] INFO net.thucydides.core.reports.ReportService - Processing test outcome Registration test:registerWithExistCredentials
[pool-1-thread-3] INFO net.thucydides.core.reports.ReportService - net.thucydides.core.reports.json.JSONTestOutcomeReporter@8face8c: Generating report for test outcome: Registration test:registerWithExistCredentials
[Test worker] INFO net.thucydides.core.reports.junit.JUnitXMLOutcomeReporter - GENERATING JUNIT REPORT SERENITY-JUNIT-b5fc7f5bfa58f0c1d95c6615daa5f4b12afbc3a79b04a1f3714bd7b7a91d2c2e.xml
[pool-1-thread-4] INFO net.thucydides.core.reports.ReportService - Processing test outcome Registration test:loginWithCorrectCredentials
[pool-1-thread-4] INFO net.thucydides.core.reports.ReportService - net.thucydides.core.reports.json.JSONTestOutcomeReporter@8face8c: Generating report for test outcome: Registration test:loginWithCorrectCredentials
[pool-1-thread-4] INFO net.thucydides.core.reports.ReportService - Processing test outcome Registration test:loginWithCorrectCredentials done
[pool-1-thread-3] INFO net.thucydides.core.reports.ReportService - Processing test outcome Registration test:registerWithExistCredentials done
[Test worker] INFO net.thucydides.core.reports.ReportService - Reports generated in: 70
[Test worker] INFO net.thucydides.core.reports.ReportService - Generating reports using: net.thucydides.core.reports.html.HtmlAcceptanceTestReporter@2521fdd4
[pool-1-thread-2] INFO net.thucydides.core.reports.ReportService - Processing test outcome Registration test:registerWithExistCredentials
[pool-1-thread-2] INFO net.thucydides.core.reports.ReportService - net.thucydides.core.reports.html.HtmlAcceptanceTestReporter@2521fdd4: Generating report for test outcome: Registration test:registerWithExistCredentials
[pool-1-thread-1] INFO net.thucydides.core.reports.ReportService - Processing test outcome Registration test:loginWithCorrectCredentials
[pool-1-thread-1] INFO net.thucydides.core.reports.ReportService - net.thucydides.core.reports.html.HtmlAcceptanceTestReporter@2521fdd4: Generating report for test outcome: Registration test:loginWithCorrectCredentials
[Test worker] INFO net.thucydides.core.reports.junit.JUnitXMLOutcomeReporter - GENERATING JUNIT REPORTS
[pool-1-thread-2] INFO net.thucydides.core.requirements.RequirementsTagProvider - Reading requirements from net.thucydides.core.requirements.FileSystemRequirementsTagProvider@1fb6bbf4
[pool-1-thread-2] INFO net.thucydides.core.requirements.RequirementsTagProvider - Reading requirements from net.thucydides.core.requirements.PackageAnnotationBasedTagProvider@4383a2e
[pool-1-thread-2] INFO net.thucydides.core.requirements.RequirementsTagProvider - Requirements found:[]
[Test worker] INFO net.thucydides.core.reports.junit.JUnitXMLOutcomeReporter - GENERATING JUNIT REPORT SERENITY-JUNIT-b5fc7f5bfa58f0c1d95c6615daa5f4b12afbc3a79b04a1f3714bd7b7a91d2c2e.xml
[pool-1-thread-2] INFO net.thucydides.core.reports.html.screenshots.ScreenshotFormatter - Resizing image target\site\serenity\ee95a7e7df76d5bbc09b9581b577a2cf_NONE.png to target\site\serenity\scaled_ee95a7e7df76d5bbc09b9581b577a2cf_NONE.png
[pool-1-thread-1] INFO net.thucydides.core.reports.html.screenshots.ScreenshotFormatter - Resizing image target\site\serenity\ee95a7e7df76d5bbc09b9581b577a2cf_NONE.png to target\site\serenity\scaled_ee95a7e7df76d5bbc09b9581b577a2cf_NONE.png
[pool-1-thread-1] INFO net.thucydides.core.reports.html.screenshots.ScreenshotFormatter - Screenshot existstrue
[pool-1-thread-1] INFO net.thucydides.core.reports.html.screenshots.ScreenshotFormatter - Resized screenshot existstrue
[pool-1-thread-1] INFO net.thucydides.core.reports.html.screenshots.ScreenshotFormatter - Resizing image target\site\serenity\22ba424ec496df69b851a178457f70f9_NONE.png to target\site\serenity\scaled_22ba424ec496df69b851a178457f70f9_NONE.png
[pool-1-thread-2] INFO net.thucydides.core.reports.html.screenshots.ScreenshotFormatter - Screenshot existstrue
[pool-1-thread-1] INFO net.thucydides.core.reports.html.screenshots.ScreenshotFormatter - Screenshot existstrue
[pool-1-thread-2] INFO net.thucydides.core.reports.html.screenshots.ScreenshotFormatter - Resized screenshot existstrue
[pool-1-thread-1] INFO net.thucydides.core.reports.html.screenshots.ScreenshotFormatter - Resized screenshot existstrue
[pool-1-thread-2] INFO net.thucydides.core.reports.html.screenshots.ScreenshotFormatter - Resizing image target\site\serenity\22ba424ec496df69b851a178457f70f9_NONE.png to target\site\serenity\scaled_22ba424ec496df69b851a178457f70f9_NONE.png
[pool-1-thread-1] INFO net.thucydides.core.reports.html.screenshots.ScreenshotFormatter - Resizing image target\site\serenity\33324200ccca6a9e5e079ef02524f3f0_NONE.png to target\site\serenity\scaled_33324200ccca6a9e5e079ef02524f3f0_NONE.png
[pool-1-thread-2] INFO net.thucydides.core.reports.html.screenshots.ScreenshotFormatter - Screenshot existstrue
[pool-1-thread-1] INFO net.thucydides.core.reports.html.screenshots.ScreenshotFormatter - Screenshot existstrue
[pool-1-thread-2] INFO net.thucydides.core.reports.html.screenshots.ScreenshotFormatter - Resized screenshot existstrue
[pool-1-thread-2] INFO net.thucydides.core.reports.html.screenshots.ScreenshotFormatter - Resizing image target\site\serenity\bbbc4ef6c4efd45b04d7adc41dddc923_NONE.png to target\site\serenity\scaled_bbbc4ef6c4efd45b04d7adc41dddc923_NONE.png
[pool-1-thread-1] INFO net.thucydides.core.reports.html.screenshots.ScreenshotFormatter - Resized screenshot existsfalse
[pool-1-thread-2] INFO net.thucydides.core.reports.html.screenshots.ScreenshotFormatter - Screenshot existstrue
[pool-1-thread-1] INFO net.thucydides.core.reports.html.screenshots.ScreenshotFormatter - Resizing image target\site\serenity\33324200ccca6a9e5e079ef02524f3f0_NONE.png
[pool-1-thread-2] INFO net.thucydides.core.reports.html.screenshots.ScreenshotFormatter - Resized screenshot existsfalse
[pool-1-thread-2] INFO net.thucydides.core.reports.html.screenshots.ScreenshotFormatter - Resizing image target\site\serenity\bbbc4ef6c4efd45b04d7adc41dddc923_NONE.png
[pool-1-thread-1] INFO net.thucydides.core.reports.html.screenshots.ScreenshotFormatter - Scaled image saved to target\site\serenity\scaled_33324200ccca6a9e5e079ef02524f3f0_NONE.png
[pool-1-thread-2] INFO net.thucydides.core.reports.html.screenshots.ScreenshotFormatter - Scaled image saved to target\site\serenity\scaled_bbbc4ef6c4efd45b04d7adc41dddc923_NONE.png
[pool-1-thread-2] INFO net.thucydides.core.reports.html.screenshots.ScreenshotFormatter - Resizing image done -> D:\TsumTask\target\site\serenity\scaled_bbbc4ef6c4efd45b04d7adc41dddc923_NONE.png
[pool-1-thread-2] INFO net.thucydides.core.reports.html.screenshots.ScreenshotFormatter - Resizing image target\site\serenity\c7338f05243d60f39865f77ce148a51c_NONE.png to target\site\serenity\scaled_c7338f05243d60f39865f77ce148a51c_NONE.png
[pool-1-thread-2] INFO net.thucydides.core.reports.html.screenshots.ScreenshotFormatter - Screenshot existstrue
[pool-1-thread-2] INFO net.thucydides.core.reports.html.screenshots.ScreenshotFormatter - Resized screenshot existstrue
[pool-1-thread-1] INFO net.thucydides.core.reports.html.screenshots.ScreenshotFormatter - Resizing image done -> D:\TsumTask\target\site\serenity\scaled_33324200ccca6a9e5e079ef02524f3f0_NONE.png
[pool-1-thread-1] INFO net.thucydides.core.reports.html.screenshots.ScreenshotFormatter - Resizing image target\site\serenity\50527b3f82b671637b8ecfa3cd3c2906_NONE.png to target\site\serenity\scaled_50527b3f82b671637b8ecfa3cd3c2906_NONE.png
[pool-1-thread-1] INFO net.thucydides.core.reports.html.screenshots.ScreenshotFormatter - Screenshot existstrue
[pool-1-thread-1] INFO net.thucydides.core.reports.html.screenshots.ScreenshotFormatter - Resized screenshot existsfalse
[pool-1-thread-1] INFO net.thucydides.core.reports.html.screenshots.ScreenshotFormatter - Resizing image target\site\serenity\50527b3f82b671637b8ecfa3cd3c2906_NONE.png
[pool-1-thread-1] INFO net.thucydides.core.reports.html.screenshots.ScreenshotFormatter - Scaled image saved to target\site\serenity\scaled_50527b3f82b671637b8ecfa3cd3c2906_NONE.png
[pool-1-thread-1] INFO net.thucydides.core.reports.html.screenshots.ScreenshotFormatter - Resizing image done -> D:\TsumTask\target\site\serenity\scaled_50527b3f82b671637b8ecfa3cd3c2906_NONE.png
[pool-1-thread-1] INFO net.thucydides.core.reports.html.screenshots.ScreenshotFormatter - Resizing image target\site\serenity\ca1fe8a8abfa7575d08712aac52295da_NONE.png to target\site\serenity\scaled_ca1fe8a8abfa7575d08712aac52295da_NONE.png
[pool-1-thread-1] INFO net.thucydides.core.reports.html.screenshots.ScreenshotFormatter - Screenshot existstrue
[pool-1-thread-1] INFO net.thucydides.core.reports.html.screenshots.ScreenshotFormatter - Resized screenshot existsfalse
[pool-1-thread-1] INFO net.thucydides.core.reports.html.screenshots.ScreenshotFormatter - Resizing image target\site\serenity\ca1fe8a8abfa7575d08712aac52295da_NONE.png
[pool-1-thread-1] INFO net.thucydides.core.reports.html.screenshots.ScreenshotFormatter - Scaled image saved to target\site\serenity\scaled_ca1fe8a8abfa7575d08712aac52295da_NONE.png
[pool-1-thread-1] INFO net.thucydides.core.reports.html.screenshots.ScreenshotFormatter - Resizing image done -> D:\TsumTask\target\site\serenity\scaled_ca1fe8a8abfa7575d08712aac52295da_NONE.png
[pool-1-thread-1] INFO net.thucydides.core.reports.html.HtmlAcceptanceTestReporter - GENERATING HTML REPORT FOR Registration test:loginWithCorrectCredentials => f829a2548a13809bc0c313c2346f6b03a456b8e89ecd951ecc336b973e7eeac8.html
[pool-1-thread-1] INFO net.thucydides.core.reports.ReportService - Processing test outcome Registration test:loginWithCorrectCredentials done
[pool-1-thread-2] INFO net.thucydides.core.reports.html.HtmlAcceptanceTestReporter - GENERATING HTML REPORT FOR Registration test:registerWithExistCredentials => b5fc7f5bfa58f0c1d95c6615daa5f4b12afbc3a79b04a1f3714bd7b7a91d2c2e.html
[pool-1-thread-2] INFO net.thucydides.core.reports.ReportService - Processing test outcome Registration test:registerWithExistCredentials done
[Test worker] INFO net.thucydides.core.reports.ReportService - Reports generated in: 1241
Oct 20, 2019 11:20:43 PM org.openqa.selenium.os.UnixProcess$SeleniumWatchDog destroyHarder
INFO: Command failed to close cleanly. Destroying forcefully (v2). org.openqa.selenium.os.UnixProcess$SeleniumWatchDog@617894bc
]]></system-err>
</testsuite>
